0 info it worked if it ends with ok
1 verbose cli [ '/usr/bin/node',
1 verbose cli   '/usr/bin/npm',
1 verbose cli   'install',
1 verbose cli   'grpc-tools',
1 verbose cli   '--save-dev' ]
2 info using npm@1.4.21
3 info using node@v8.11.1
4 verbose cache add [ 'grpc-tools', null ]
5 verbose cache add name=undefined spec="grpc-tools" args=["grpc-tools",null]
6 verbose parsed url Url {
6 verbose parsed url   protocol: null,
6 verbose parsed url   slashes: null,
6 verbose parsed url   auth: null,
6 verbose parsed url   host: null,
6 verbose parsed url   port: null,
6 verbose parsed url   hostname: null,
6 verbose parsed url   hash: null,
6 verbose parsed url   search: null,
6 verbose parsed url   query: null,
6 verbose parsed url   pathname: 'grpc-tools',
6 verbose parsed url   path: 'grpc-tools',
6 verbose parsed url   href: 'grpc-tools' }
7 silly lockFile 670507df-grpc-tools grpc-tools
8 verbose lock grpc-tools /home/pi/.npm/670507df-grpc-tools.lock
9 silly lockFile 670507df-grpc-tools grpc-tools
10 silly lockFile 670507df-grpc-tools grpc-tools
11 verbose addNamed [ 'grpc-tools', '' ]
12 verbose addNamed [ null, '*' ]
13 silly lockFile cb19d5b0-grpc-tools grpc-tools@
14 verbose lock grpc-tools@ /home/pi/.npm/cb19d5b0-grpc-tools.lock
15 silly addNameRange { name: 'grpc-tools', range: '*', hasData: false }
16 verbose request where is /grpc-tools
17 verbose request registry https://registry.npmjs.org/
18 verbose request id 8bf99696e41ca653
19 verbose url raw /grpc-tools
20 verbose url resolving [ 'https://registry.npmjs.org/', './grpc-tools' ]
21 verbose url resolved https://registry.npmjs.org/grpc-tools
22 verbose request where is https://registry.npmjs.org/grpc-tools
23 info trying registry request attempt 1 at 下午7:23:38
24 verbose etag W/"9606237315d2552ef22462c471236f05"
25 http GET https://registry.npmjs.org/grpc-tools
26 http 304 https://registry.npmjs.org/grpc-tools
27 silly registry.get cb [ 304,
27 silly registry.get   { date: 'Mon, 25 Feb 2019 11:23:39 GMT',
27 silly registry.get     connection: 'close',
27 silly registry.get     'set-cookie':
27 silly registry.get      [ '__cfduid=d74363025d82390260eb012c054a075db1551093819; expires=Tue, 25-Feb-20 11:23:39 GMT; path=/; domain=.registry.npmjs.org; HttpOnly' ],
27 silly registry.get     'cf-cache-status': 'HIT',
27 silly registry.get     'cache-control': 'max-age=300',
27 silly registry.get     'cf-ray': '4ae9cd119880a2cc-HKG',
27 silly registry.get     etag: '"9606237315d2552ef22462c471236f05"',
27 silly registry.get     'expect-ct': 'max-age=604800, report-uri="https://report-uri.cloudflare.com/cdn-cgi/beacon/expect-ct"',
27 silly registry.get     'last-modified': 'Thu, 21 Feb 2019 00:37:43 GMT',
27 silly registry.get     vary: 'accept-encoding, accept',
27 silly registry.get     'x-amz-meta-rev': '32-433694d808ca29c1646fd580cb4c2283',
27 silly registry.get     server: 'cloudflare' } ]
28 verbose etag https://registry.npmjs.org/grpc-tools from cache
29 silly addNameRange number 2 { name: 'grpc-tools', range: '*', hasData: true }
30 silly addNameRange versions [ 'grpc-tools',
30 silly addNameRange   [ '0.14.1-pre1',
30 silly addNameRange     '0.14.1',
30 silly addNameRange     '0.15.0',
30 silly addNameRange     '1.0.0-pre1',
30 silly addNameRange     '1.0.0-pre2',
30 silly addNameRange     '1.0.0',
30 silly addNameRange     '1.0.1-pre1',
30 silly addNameRange     '1.0.1',
30 silly addNameRange     '1.1.0-pre1',
30 silly addNameRange     '1.1.0',
30 silly addNameRange     '1.1.1',
30 silly addNameRange     '1.1.2',
30 silly addNameRange     '1.2.0-pre1',
30 silly addNameRange     '1.2.0',
30 silly addNameRange     '1.2.3',
30 silly addNameRange     '1.2.4',
30 silly addNameRange     '1.3.0',
30 silly addNameRange     '1.3.1-pre1',
30 silly addNameRange     '1.3.1',
30 silly addNameRange     '1.3.2',
30 silly addNameRange     '1.3.7',
30 silly addNameRange     '1.4.0-pre1',
30 silly addNameRange     '1.3.8',
30 silly addNameRange     '1.4.1',
30 silly addNameRange     '1.6.0-pre1',
30 silly addNameRange     '1.6.0',
30 silly addNameRange     '1.6.6',
30 silly addNameRange     '1.7.0',
30 silly addNameRange     '1.7.1' ] ]
31 verbose addNamed [ 'grpc-tools', '1.7.1' ]
32 verbose addNamed [ '1.7.1', '1.7.1' ]
33 silly lockFile 227be341-grpc-tools-1-7-1 grpc-tools@1.7.1
34 verbose lock grpc-tools@1.7.1 /home/pi/.npm/227be341-grpc-tools-1-7-1.lock
35 silly lockFile 227be341-grpc-tools-1-7-1 grpc-tools@1.7.1
36 silly lockFile 227be341-grpc-tools-1-7-1 grpc-tools@1.7.1
37 silly lockFile cb19d5b0-grpc-tools grpc-tools@
38 silly lockFile cb19d5b0-grpc-tools grpc-tools@
39 silly resolved [ { name: 'grpc-tools',
39 silly resolved     version: '1.7.1',
39 silly resolved     author: { name: 'Google Inc.' },
39 silly resolved     description: 'Tools for developing with gRPC on Node.js',
39 silly resolved     homepage: 'https://grpc.io/',
39 silly resolved     repository:
39 silly resolved      { type: 'git',
39 silly resolved        url: 'git+https://github.com/grpc/grpc-node.git' },
39 silly resolved     bugs: { url: 'https://github.com/grpc/grpc-node/issues' },
39 silly resolved     contributors: [ [Object] ],
39 silly resolved     bin:
39 silly resolved      { grpc_tools_node_protoc: './bin/protoc.js',
39 silly resolved        grpc_tools_node_protoc_plugin: './bin/protoc_plugin.js' },
39 silly resolved     scripts:
39 silly resolved      { install: 'node-pre-gyp install',
39 silly resolved        prepublishOnly: 'git submodule update --init --recursive && node copy_well_known_protos.js' },
39 silly resolved     binary:
39 silly resolved      { module_name: 'grpc_tools',
39 silly resolved        host: 'https://node-precompiled-binaries.grpc.io/',
39 silly resolved        remote_path: '{name}/v{version}',
39 silly resolved        package_name: '{platform}-{arch}.tar.gz',
39 silly resolved        module_path: 'bin' },
39 silly resolved     main: 'index.js',
39 silly resolved     bundleDependencies: [ 'node-pre-gyp' ],
39 silly resolved     dependencies: { 'node-pre-gyp': '*' },
39 silly resolved     _id: 'grpc-tools@1.7.1',
39 silly resolved     _npmVersion: '6.4.1',
39 silly resolved     _nodeVersion: '10.12.0',
39 silly resolved     _npmUser: { name: 'murgatroid99', email: 'mlumish@google.com' },
39 silly resolved     dist:
39 silly resolved      { integrity: 'sha512-mK2AvaWhr6nfthLs2igXxo8c3jjOkr5fra+ifJ6LGgIT+iyJTb4AZOA09s86wDVyBpodqF9XCT1HsXVV6OJIAg==',
39 silly resolved        shasum: 'f353812fd21df057d09cf94d06134c19834ad67c',
39 silly resolved        tarball: 'https://registry.npmjs.org/grpc-tools/-/grpc-tools-1.7.1.tgz',
39 silly resolved        fileCount: 541,
39 silly resolved        unpackedSize: 1951717,
39 silly resolved        'npm-signature': '-----BEGIN PGP SIGNATURE-----\r\nVersion: OpenPGP.js v3.0.4\r\nComment: https://openpgpjs.org\r\n\r\nwsFcBAEBCAAQBQJcbfLUCRA9TVsSAnZWagAAlkwP/2zCY3VCfL9IKwH/2YSS\nMuQ6KE6IRZ+K0Pd8a4hgiRqyzpFhqZPEKszgncdXE3PWQ8SzrP356SvvArjP\nJ0t+ksZp/LRqv5Mxt7joQjdZnZsiuMxa1LOC6P9aq1kpP5VMRuL2pPl7YRyQ\nlDodH6AuxBSrVXqkZvd42LlTPU7NA/ebLqa4t5APzUxP4iDcWIrhwCyuTdj8\nhLKn1znpWn/NeBe1t98R8NKeDvXd0VX4+rsfIxWzdh7p3YPUrsPZQ4o238Ac\nwWIvD1J/HQ7QvMDETd/qyq8H9R9cPYkIgoFw2NSzeL/PbnkVFk2G6Pv1NbcN\nGjOA5NYCOs7DP6vCbMLi1H/eCcup+aa8tHhFe9RN7koRm4xwAMW1iS0zvBA0\nAr6hkWvMjGV6iAaQb2yWt4D6guvMbcJDWxxEDcDk7YAM1NTQhe4B5IukllcV\nnVVM0IqcX0Sb4Xz5bxymzMw8z6EuCKtQCXQ6d8ebhs3oTHci1/Q2smNapCPJ\nwr6CjCirULwgpxNCglIntDJc+0PhBPG0MPpjB5yOTn16RQPSIC14pkRoS/MA\nhXTTvuEIaGMB1Tt0JCLEFieGpOS2L2Hj9EI6W6LdxzPhPumLov4t+5WTWYk9\nmDcS/KmAmaryd0tKu1oCwcVeHJIj7CT6LJN+RiNikBsNHksEZ1M9AJWCAFHp\nDisx\r\n=x9jt\r\n-----END PGP SIGNATURE-----\r\n' },
39 silly resolved     maintainers: [ [Object] ],
39 silly resolved     directories: {},
39 silly resolved     _npmOperationalInternal:
39 silly resolved      { host: 's3://npm-registry-packages',
39 silly resolved        tmp: 'tmp/grpc-tools_1.7.1_1550709459706_0.30471524292716623' },
39 silly resolved     _hasShrinkwrap: false,
39 silly resolved     _shasum: 'f353812fd21df057d09cf94d06134c19834ad67c',
39 silly resolved     _from: 'grpc-tools@',
39 silly resolved     _resolved: 'https://registry.npmjs.org/grpc-tools/-/grpc-tools-1.7.1.tgz',
39 silly resolved     readme: 'ERROR: No README data found!' } ]
40 info install grpc-tools@1.7.1 into /home/pi/code
41 info installOne grpc-tools@1.7.1
42 verbose node_modules/grpc-tools unbuild
43 verbose tar unpack /home/pi/.npm/grpc-tools/1.7.1/package.tgz
44 silly lockFile 74ec24c7--pi-code-node-modules-grpc-tools tar:///home/pi/code/node_modules/grpc-tools
45 verbose lock tar:///home/pi/code/node_modules/grpc-tools /home/pi/.npm/74ec24c7--pi-code-node-modules-grpc-tools.lock
46 silly lockFile 87a25435-npm-grpc-tools-1-7-1-package-tgz tar:///home/pi/.npm/grpc-tools/1.7.1/package.tgz
47 verbose lock tar:///home/pi/.npm/grpc-tools/1.7.1/package.tgz /home/pi/.npm/87a25435-npm-grpc-tools-1-7-1-package-tgz.lock
48 silly gunzTarPerm modes [ '755', '644' ]
49 silly gunzTarPerm extractEntry package.json
50 silly gunzTarPerm extractEntry index.js
51 silly gunzTarPerm modified mode [ 'index.js', 416, 420 ]
52 silly gunzTarPerm extractEntry bin/google/protobuf/any.proto
53 silly gunzTarPerm extractEntry bin/google/protobuf/api.proto
54 silly gunzTarPerm extractEntry bin/google/protobuf/compiler/plugin.proto
55 silly gunzTarPerm extractEntry bin/google/protobuf/descriptor.proto
56 silly gunzTarPerm extractEntry bin/google/protobuf/duration.proto
57 silly gunzTarPerm extractEntry bin/google/protobuf/empty.proto
58 silly gunzTarPerm extractEntry bin/google/protobuf/field_mask.proto
59 silly gunzTarPerm extractEntry bin/google/protobuf/source_context.proto
60 silly gunzTarPerm extractEntry bin/google/protobuf/struct.proto
61 silly gunzTarPerm extractEntry bin/google/protobuf/timestamp.proto
62 silly gunzTarPerm extractEntry bin/google/protobuf/type.proto
63 silly gunzTarPerm extractEntry bin/google/protobuf/wrappers.proto
64 silly gunzTarPerm extractEntry bin/protoc_plugin.js
65 silly gunzTarPerm extractEntry bin/protoc.js
66 silly gunzTarPerm extractEntry node_modules/abbrev/abbrev.js
67 silly gunzTarPerm extractEntry node_modules/abbrev/LICENSE
68 silly gunzTarPerm extractEntry node_modules/abbrev/package.json
69 silly gunzTarPerm extractEntry node_modules/abbrev/README.md
70 silly gunzTarPerm extractEntry node_modules/ansi-regex/index.js
71 silly gunzTarPerm extractEntry node_modules/ansi-regex/license
72 silly gunzTarPerm extractEntry node_modules/ansi-regex/package.json
73 silly gunzTarPerm extractEntry node_modules/ansi-regex/readme.md
74 silly gunzTarPerm extractEntry node_modules/aproba/index.js
75 silly gunzTarPerm extractEntry node_modules/aproba/LICENSE
76 silly gunzTarPerm extractEntry node_modules/aproba/package.json
77 silly gunzTarPerm extractEntry node_modules/aproba/README.md
78 silly gunzTarPerm extractEntry node_modules/are-we-there-yet/CHANGES.md
79 silly gunzTarPerm extractEntry node_modules/are-we-there-yet/index.js
80 silly gunzTarPerm extractEntry node_modules/are-we-there-yet/LICENSE
81 silly gunzTarPerm extractEntry node_modules/are-we-there-yet/package.json
82 silly gunzTarPerm extractEntry node_modules/are-we-there-yet/README.md
83 silly gunzTarPerm extractEntry node_modules/are-we-there-yet/tracker-base.js
84 silly gunzTarPerm extractEntry node_modules/are-we-there-yet/tracker-group.js
85 silly gunzTarPerm extractEntry node_modules/are-we-there-yet/tracker-stream.js
86 silly gunzTarPerm extractEntry node_modules/are-we-there-yet/tracker.js
87 silly gunzTarPerm extractEntry node_modules/balanced-match/.npmignore
88 silly gunzTarPerm extractEntry node_modules/balanced-match/index.js
89 silly gunzTarPerm extractEntry node_modules/balanced-match/LICENSE.md
90 silly gunzTarPerm extractEntry node_modules/balanced-match/package.json
91 silly gunzTarPerm extractEntry node_modules/balanced-match/README.md
92 silly gunzTarPerm extractEntry node_modules/brace-expansion/index.js
93 silly gunzTarPerm extractEntry node_modules/brace-expansion/LICENSE
94 silly gunzTarPerm extractEntry node_modules/brace-expansion/package.json
95 silly gunzTarPerm extractEntry node_modules/brace-expansion/README.md
96 silly gunzTarPerm extractEntry node_modules/chownr/chownr.js
97 silly gunzTarPerm extractEntry node_modules/chownr/LICENSE
98 silly gunzTarPerm extractEntry node_modules/chownr/package.json
99 silly gunzTarPerm extractEntry node_modules/chownr/README.md
100 silly gunzTarPerm extractEntry node_modules/code-point-at/index.js
101 silly gunzTarPerm extractEntry node_modules/code-point-at/license
102 silly gunzTarPerm extractEntry node_modules/code-point-at/package.json
103 silly gunzTarPerm extractEntry node_modules/code-point-at/readme.md
104 silly gunzTarPerm extractEntry node_modules/concat-map/.travis.yml
105 silly gunzTarPerm extractEntry node_modules/concat-map/example/map.js
106 silly gunzTarPerm extractEntry node_modules/concat-map/index.js
107 silly gunzTarPerm extractEntry node_modules/concat-map/LICENSE
108 silly gunzTarPerm extractEntry node_modules/concat-map/package.json
109 silly gunzTarPerm extractEntry node_modules/concat-map/README.markdown
110 silly gunzTarPerm extractEntry node_modules/concat-map/test/map.js
111 silly gunzTarPerm extractEntry node_modules/console-control-strings/index.js
112 silly gunzTarPerm extractEntry node_modules/console-control-strings/LICENSE
113 silly gunzTarPerm extractEntry node_modules/console-control-strings/package.json
114 silly gunzTarPerm extractEntry node_modules/console-control-strings/README.md
115 silly gunzTarPerm extractEntry node_modules/console-control-strings/README.md~
116 silly gunzTarPerm extractEntry node_modules/core-util-is/float.patch
117 silly gunzTarPerm extractEntry node_modules/core-util-is/lib/util.js
118 silly gunzTarPerm extractEntry node_modules/core-util-is/LICENSE
119 silly gunzTarPerm extractEntry node_modules/core-util-is/package.json
120 silly gunzTarPerm extractEntry node_modules/core-util-is/README.md
121 silly gunzTarPerm extractEntry node_modules/core-util-is/test.js
122 silly gunzTarPerm extractEntry node_modules/debug/.coveralls.yml
123 silly gunzTarPerm extractEntry node_modules/debug/.eslintrc
124 silly gunzTarPerm extractEntry node_modules/debug/.npmignore
125 silly gunzTarPerm extractEntry node_modules/debug/.travis.yml
126 silly gunzTarPerm extractEntry node_modules/debug/CHANGELOG.md
127 silly gunzTarPerm extractEntry node_modules/debug/component.json
128 silly gunzTarPerm extractEntry node_modules/debug/karma.conf.js
129 silly gunzTarPerm extractEntry node_modules/debug/LICENSE
130 silly gunzTarPerm extractEntry node_modules/debug/Makefile
131 silly gunzTarPerm extractEntry node_modules/debug/node.js
132 silly gunzTarPerm extractEntry node_modules/debug/package.json
133 silly gunzTarPerm extractEntry node_modules/debug/README.md
134 silly gunzTarPerm extractEntry node_modules/debug/src/browser.js
135 silly gunzTarPerm extractEntry node_modules/debug/src/debug.js
136 silly gunzTarPerm extractEntry node_modules/debug/src/index.js
137 silly gunzTarPerm extractEntry node_modules/debug/src/inspector-log.js
138 silly gunzTarPerm extractEntry node_modules/debug/src/node.js
139 silly gunzTarPerm extractEntry node_modules/deep-extend/CHANGELOG.md
140 silly gunzTarPerm extractEntry node_modules/deep-extend/index.js
141 silly gunzTarPerm extractEntry node_modules/deep-extend/lib/deep-extend.js
142 silly gunzTarPerm extractEntry node_modules/deep-extend/LICENSE
143 silly gunzTarPerm extractEntry node_modules/deep-extend/package.json
144 silly gunzTarPerm extractEntry node_modules/deep-extend/README.md
145 silly gunzTarPerm extractEntry node_modules/delegates/.npmignore
146 silly gunzTarPerm extractEntry node_modules/delegates/History.md
147 silly gunzTarPerm extractEntry node_modules/delegates/index.js
148 silly gunzTarPerm extractEntry node_modules/delegates/License
149 silly gunzTarPerm extractEntry node_modules/delegates/Makefile
150 silly gunzTarPerm extractEntry node_modules/delegates/package.json
151 silly gunzTarPerm extractEntry node_modules/delegates/Readme.md
152 silly gunzTarPerm extractEntry node_modules/delegates/test/index.js
153 silly gunzTarPerm extractEntry node_modules/detect-libc/.npmignore
154 silly gunzTarPerm extractEntry node_modules/detect-libc/bin/detect-libc.js
155 silly gunzTarPerm extractEntry node_modules/detect-libc/lib/detect-libc.js
156 silly gunzTarPerm extractEntry node_modules/detect-libc/LICENSE
157 silly gunzTarPerm extractEntry node_modules/detect-libc/package.json
158 silly gunzTarPerm extractEntry node_modules/detect-libc/README.md
159 silly gunzTarPerm extractEntry node_modules/fs-minipass/index.js
160 silly gunzTarPerm extractEntry node_modules/fs-minipass/LICENSE
161 silly gunzTarPerm extractEntry node_modules/fs-minipass/package.json
162 silly gunzTarPerm extractEntry node_modules/fs-minipass/README.md
163 silly gunzTarPerm extractEntry node_modules/fs.realpath/index.js
164 silly gunzTarPerm extractEntry node_modules/fs.realpath/LICENSE
165 silly gunzTarPerm extractEntry node_modules/fs.realpath/old.js
166 silly gunzTarPerm extractEntry node_modules/fs.realpath/package.json
167 silly gunzTarPerm extractEntry node_modules/fs.realpath/README.md
168 silly gunzTarPerm extractEntry node_modules/gauge/base-theme.js
169 silly gunzTarPerm extractEntry node_modules/gauge/CHANGELOG.md
170 silly gunzTarPerm extractEntry node_modules/gauge/error.js
171 silly gunzTarPerm extractEntry node_modules/gauge/has-color.js
172 silly gunzTarPerm extractEntry node_modules/gauge/index.js
173 silly gunzTarPerm extractEntry node_modules/gauge/LICENSE
174 silly gunzTarPerm extractEntry node_modules/gauge/package.json
175 silly gunzTarPerm extractEntry node_modules/gauge/plumbing.js
176 silly gunzTarPerm extractEntry node_modules/gauge/process.js
177 silly gunzTarPerm extractEntry node_modules/gauge/progress-bar.js
178 silly gunzTarPerm extractEntry node_modules/gauge/README.md
179 silly gunzTarPerm extractEntry node_modules/gauge/render-template.js
180 silly gunzTarPerm extractEntry node_modules/gauge/set-immediate.js
181 silly gunzTarPerm extractEntry node_modules/gauge/set-interval.js
182 silly gunzTarPerm extractEntry node_modules/gauge/spin.js
183 silly gunzTarPerm extractEntry node_modules/gauge/template-item.js
184 silly gunzTarPerm extractEntry node_modules/gauge/theme-set.js
185 silly gunzTarPerm extractEntry node_modules/gauge/themes.js
186 silly gunzTarPerm extractEntry node_modules/gauge/wide-truncate.js
187 silly gunzTarPerm extractEntry node_modules/glob/changelog.md
188 silly gunzTarPerm extractEntry node_modules/glob/common.js
189 silly gunzTarPerm extractEntry node_modules/glob/glob.js
190 silly gunzTarPerm extractEntry node_modules/glob/LICENSE
191 silly gunzTarPerm extractEntry node_modules/glob/package.json
192 silly gunzTarPerm extractEntry node_modules/glob/README.md
193 silly gunzTarPerm extractEntry node_modules/glob/sync.js
194 silly gunzTarPerm extractEntry node_modules/has-unicode/index.js
195 silly gunzTarPerm extractEntry node_modules/has-unicode/LICENSE
196 silly gunzTarPerm extractEntry node_modules/has-unicode/package.json
197 silly gunzTarPerm extractEntry node_modules/has-unicode/README.md
198 silly gunzTarPerm extractEntry node_modules/iconv-lite/Changelog.md
199 silly gunzTarPerm extractEntry node_modules/iconv-lite/encodings/dbcs-codec.js
200 silly gunzTarPerm extractEntry node_modules/iconv-lite/encodings/dbcs-data.js
201 silly gunzTarPerm extractEntry node_modules/iconv-lite/encodings/index.js
202 silly gunzTarPerm extractEntry node_modules/iconv-lite/encodings/internal.js
203 silly gunzTarPerm extractEntry node_modules/iconv-lite/encodings/sbcs-codec.js
204 silly gunzTarPerm extractEntry node_modules/iconv-lite/encodings/sbcs-data-generated.js
205 silly gunzTarPerm extractEntry node_modules/iconv-lite/encodings/sbcs-data.js
206 silly gunzTarPerm extractEntry node_modules/iconv-lite/encodings/tables/big5-added.json
207 silly gunzTarPerm extractEntry node_modules/iconv-lite/encodings/tables/cp936.json
208 silly gunzTarPerm extractEntry node_modules/iconv-lite/encodings/tables/cp949.json
209 silly gunzTarPerm extractEntry node_modules/iconv-lite/encodings/tables/cp950.json
210 silly gunzTarPerm extractEntry node_modules/iconv-lite/encodings/tables/eucjp.json
211 silly gunzTarPerm extractEntry node_modules/iconv-lite/encodings/tables/gb18030-ranges.json
212 silly gunzTarPerm extractEntry node_modules/iconv-lite/encodings/tables/gbk-added.json
213 silly gunzTarPerm extractEntry node_modules/iconv-lite/encodings/tables/shiftjis.json
214 silly gunzTarPerm extractEntry node_modules/iconv-lite/encodings/utf16.js
215 silly gunzTarPerm extractEntry node_modules/iconv-lite/encodings/utf7.js
216 silly gunzTarPerm extractEntry node_modules/iconv-lite/lib/bom-handling.js
217 silly gunzTarPerm extractEntry node_modules/iconv-lite/lib/extend-node.js
218 silly gunzTarPerm extractEntry node_modules/iconv-lite/lib/index.d.ts
219 silly gunzTarPerm extractEntry node_modules/iconv-lite/lib/index.js
220 silly gunzTarPerm extractEntry node_modules/iconv-lite/lib/streams.js
221 silly gunzTarPerm extractEntry node_modules/iconv-lite/LICENSE
222 silly gunzTarPerm extractEntry node_modules/iconv-lite/package.json
223 silly gunzTarPerm extractEntry node_modules/iconv-lite/README.md
224 silly gunzTarPerm extractEntry node_modules/ignore-walk/index.js
225 silly gunzTarPerm extractEntry node_modules/ignore-walk/LICENSE
226 silly gunzTarPerm extractEntry node_modules/ignore-walk/package.json
227 silly gunzTarPerm extractEntry node_modules/ignore-walk/README.md
228 silly gunzTarPerm extractEntry node_modules/inflight/inflight.js
229 silly gunzTarPerm extractEntry node_modules/inflight/LICENSE
230 silly gunzTarPerm extractEntry node_modules/inflight/package.json
231 silly gunzTarPerm extractEntry node_modules/inflight/README.md
232 silly gunzTarPerm extractEntry node_modules/inherits/inherits_browser.js
233 silly gunzTarPerm extractEntry node_modules/inherits/inherits.js
234 silly gunzTarPerm extractEntry node_modules/inherits/LICENSE
235 silly gunzTarPerm extractEntry node_modules/inherits/package.json
236 silly gunzTarPerm extractEntry node_modules/inherits/README.md
237 silly gunzTarPerm extractEntry node_modules/ini/ini.js
238 silly gunzTarPerm extractEntry node_modules/ini/LICENSE
239 silly gunzTarPerm extractEntry node_modules/ini/package.json
240 silly gunzTarPerm extractEntry node_modules/ini/README.md
241 silly gunzTarPerm extractEntry node_modules/is-fullwidth-code-point/index.js
242 silly gunzTarPerm extractEntry node_modules/is-fullwidth-code-point/license
243 silly gunzTarPerm extractEntry node_modules/is-fullwidth-code-point/package.json
244 silly gunzTarPerm extractEntry node_modules/is-fullwidth-code-point/readme.md
245 silly gunzTarPerm extractEntry node_modules/isarray/.npmignore
246 silly gunzTarPerm extractEntry node_modules/isarray/.travis.yml
247 silly gunzTarPerm extractEntry node_modules/isarray/component.json
248 silly gunzTarPerm extractEntry node_modules/isarray/index.js
249 silly gunzTarPerm extractEntry node_modules/isarray/Makefile
250 silly gunzTarPerm extractEntry node_modules/isarray/package.json
251 silly gunzTarPerm extractEntry node_modules/isarray/README.md
252 silly gunzTarPerm extractEntry node_modules/isarray/test.js
253 silly gunzTarPerm extractEntry node_modules/minimatch/LICENSE
254 silly gunzTarPerm extractEntry node_modules/minimatch/minimatch.js
255 silly gunzTarPerm extractEntry node_modules/minimatch/package.json
256 silly gunzTarPerm extractEntry node_modules/minimatch/README.md
257 silly gunzTarPerm extractEntry node_modules/minimist/.travis.yml
258 silly gunzTarPerm extractEntry node_modules/minimist/example/parse.js
259 silly gunzTarPerm extractEntry node_modules/minimist/index.js
260 silly gunzTarPerm extractEntry node_modules/minimist/LICENSE
261 silly gunzTarPerm extractEntry node_modules/minimist/package.json
262 silly gunzTarPerm extractEntry node_modules/minimist/readme.markdown
263 silly gunzTarPerm extractEntry node_modules/minimist/test/dash.js
264 silly gunzTarPerm extractEntry node_modules/minimist/test/default_bool.js
265 silly gunzTarPerm extractEntry node_modules/minimist/test/dotted.js
266 silly gunzTarPerm extractEntry node_modules/minimist/test/long.js
267 silly gunzTarPerm extractEntry node_modules/minimist/test/parse_modified.js
268 silly gunzTarPerm extractEntry node_modules/minimist/test/parse.js
269 silly gunzTarPerm extractEntry node_modules/minimist/test/short.js
270 silly gunzTarPerm extractEntry node_modules/minimist/test/whitespace.js
271 silly gunzTarPerm extractEntry node_modules/minipass/index.js
272 silly gunzTarPerm extractEntry node_modules/minipass/LICENSE
273 silly gunzTarPerm extractEntry node_modules/minipass/package.json
274 silly gunzTarPerm extractEntry node_modules/minipass/README.md
275 silly gunzTarPerm extractEntry node_modules/minizlib/constants.js
276 silly gunzTarPerm extractEntry node_modules/minizlib/index.js
277 silly gunzTarPerm extractEntry node_modules/minizlib/LICENSE
278 silly gunzTarPerm extractEntry node_modules/minizlib/package.json
279 silly gunzTarPerm extractEntry node_modules/minizlib/README.md
280 silly gunzTarPerm extractEntry node_modules/mkdirp/.travis.yml
281 silly gunzTarPerm extractEntry node_modules/mkdirp/bin/cmd.js
282 silly gunzTarPerm extractEntry node_modules/mkdirp/bin/usage.txt
283 silly gunzTarPerm extractEntry node_modules/mkdirp/examples/pow.js
284 silly gunzTarPerm extractEntry node_modules/mkdirp/index.js
285 silly gunzTarPerm extractEntry node_modules/mkdirp/LICENSE
286 silly gunzTarPerm extractEntry node_modules/mkdirp/package.json
287 silly gunzTarPerm extractEntry node_modules/mkdirp/readme.markdown
288 silly gunzTarPerm extractEntry node_modules/mkdirp/test/chmod.js
289 silly gunzTarPerm extractEntry node_modules/mkdirp/test/clobber.js
290 silly gunzTarPerm extractEntry node_modules/mkdirp/test/mkdirp.js
291 silly gunzTarPerm extractEntry node_modules/mkdirp/test/opts_fs_sync.js
292 silly gunzTarPerm extractEntry node_modules/mkdirp/test/opts_fs.js
293 silly gunzTarPerm extractEntry node_modules/mkdirp/test/perm_sync.js
294 silly gunzTarPerm extractEntry node_modules/mkdirp/test/perm.js
295 silly gunzTarPerm extractEntry node_modules/mkdirp/test/race.js
296 silly gunzTarPerm extractEntry node_modules/mkdirp/test/rel.js
297 silly gunzTarPerm extractEntry node_modules/mkdirp/test/return_sync.js
298 silly gunzTarPerm extractEntry node_modules/mkdirp/test/return.js
299 silly gunzTarPerm extractEntry node_modules/mkdirp/test/root.js
300 silly gunzTarPerm extractEntry node_modules/mkdirp/test/sync.js
301 silly gunzTarPerm extractEntry node_modules/mkdirp/test/umask_sync.js
302 silly gunzTarPerm extractEntry node_modules/mkdirp/test/umask.js
303 silly gunzTarPerm extractEntry node_modules/ms/index.js
304 silly gunzTarPerm extractEntry node_modules/ms/license.md
305 silly gunzTarPerm extractEntry node_modules/ms/package.json
306 silly gunzTarPerm extractEntry node_modules/ms/readme.md
307 silly gunzTarPerm extractEntry node_modules/needle/bin/needle
308 silly gunzTarPerm extractEntry node_modules/needle/examples/deflated-stream.js
309 silly gunzTarPerm extractEntry node_modules/needle/examples/digest-auth.js
310 silly gunzTarPerm extractEntry node_modules/needle/examples/download-to-file.js
311 silly gunzTarPerm extractEntry node_modules/needle/examples/multipart-stream.js
312 silly gunzTarPerm extractEntry node_modules/needle/examples/parsed-stream.js
313 silly gunzTarPerm extractEntry node_modules/needle/examples/parsed-stream2.js
314 silly gunzTarPerm extractEntry node_modules/needle/examples/stream-events.js
315 silly gunzTarPerm extractEntry node_modules/needle/examples/stream-to-file.js
316 silly gunzTarPerm extractEntry node_modules/needle/examples/upload-image.js
317 silly gunzTarPerm extractEntry node_modules/needle/lib/auth.js
318 silly gunzTarPerm extractEntry node_modules/needle/lib/cookies.js
319 silly gunzTarPerm extractEntry node_modules/needle/lib/decoder.js
320 silly gunzTarPerm extractEntry node_modules/needle/lib/multipart.js
321 silly gunzTarPerm extractEntry node_modules/needle/lib/needle.js
322 silly gunzTarPerm extractEntry node_modules/needle/lib/parsers.js
323 silly gunzTarPerm extractEntry node_modules/needle/lib/querystring.js
324 silly gunzTarPerm extractEntry node_modules/needle/license.txt
325 silly gunzTarPerm extractEntry node_modules/needle/note.xml
326 silly gunzTarPerm extractEntry node_modules/needle/note.xml.1
327 silly gunzTarPerm extractEntry node_modules/needle/package.json
328 silly gunzTarPerm extractEntry node_modules/needle/README.md
329 silly gunzTarPerm extractEntry node_modules/needle/test/basic_auth_spec.js
330 silly gunzTarPerm extractEntry node_modules/needle/test/compression_spec.js
331 silly gunzTarPerm extractEntry node_modules/needle/test/cookies_spec.js
332 silly gunzTarPerm extractEntry node_modules/needle/test/decoder_spec.js
333 silly gunzTarPerm extractEntry node_modules/needle/test/errors_spec.js
334 silly gunzTarPerm extractEntry node_modules/needle/test/headers_spec.js
335 silly gunzTarPerm extractEntry node_modules/needle/test/helpers.js
336 silly gunzTarPerm extractEntry node_modules/needle/test/long_string_spec.js
337 silly gunzTarPerm extractEntry node_modules/needle/test/output_spec.js
338 silly gunzTarPerm extractEntry node_modules/needle/test/parsing_spec.js
339 silly gunzTarPerm extractEntry node_modules/needle/test/post_data_spec.js
340 silly gunzTarPerm extractEntry node_modules/needle/test/proxy_spec.js
341 silly gunzTarPerm extractEntry node_modules/needle/test/querystring_spec.js
342 silly gunzTarPerm extractEntry node_modules/needle/test/redirect_spec.js
343 silly gunzTarPerm extractEntry node_modules/needle/test/redirect_with_timeout.js
344 silly gunzTarPerm extractEntry node_modules/needle/test/request_stream_spec.js
345 silly gunzTarPerm extractEntry node_modules/needle/test/response_stream_spec.js
346 silly gunzTarPerm extractEntry node_modules/needle/test/socket_pool_spec.js
347 silly gunzTarPerm extractEntry node_modules/needle/test/url_spec.js
348 silly gunzTarPerm extractEntry node_modules/needle/test/utils/formidable.js
349 silly gunzTarPerm extractEntry node_modules/needle/test/utils/proxy.js
350 silly gunzTarPerm extractEntry node_modules/needle/test/utils/test.js
351 silly gunzTarPerm extractEntry node_modules/node-pre-gyp/appveyor.yml
352 silly gunzTarPerm extractEntry node_modules/node-pre-gyp/bin/node-pre-gyp
353 silly gunzTarPerm extractEntry node_modules/node-pre-gyp/bin/node-pre-gyp.cmd
354 silly gunzTarPerm extractEntry node_modules/node-pre-gyp/CHANGELOG.md
355 silly gunzTarPerm extractEntry node_modules/node-pre-gyp/contributing.md
356 silly gunzTarPerm extractEntry node_modules/node-pre-gyp/lib/build.js
357 silly gunzTarPerm extractEntry node_modules/node-pre-gyp/lib/clean.js
358 silly gunzTarPerm extractEntry node_modules/node-pre-gyp/lib/configure.js
359 silly gunzTarPerm extractEntry node_modules/node-pre-gyp/lib/info.js
360 silly gunzTarPerm extractEntry node_modules/node-pre-gyp/lib/install.js
361 silly gunzTarPerm extractEntry node_modules/node-pre-gyp/lib/node-pre-gyp.js
362 silly gunzTarPerm extractEntry node_modules/node-pre-gyp/lib/package.js
363 silly gunzTarPerm extractEntry node_modules/node-pre-gyp/lib/pre-binding.js
364 silly gunzTarPerm extractEntry node_modules/node-pre-gyp/lib/publish.js
365 silly gunzTarPerm extractEntry node_modules/node-pre-gyp/lib/rebuild.js
366 silly gunzTarPerm extractEntry node_modules/node-pre-gyp/lib/reinstall.js
367 silly gunzTarPerm extractEntry node_modules/node-pre-gyp/lib/reveal.js
368 silly gunzTarPerm extractEntry node_modules/node-pre-gyp/lib/testbinary.js
369 silly gunzTarPerm extractEntry node_modules/node-pre-gyp/lib/testpackage.js
370 silly gunzTarPerm extractEntry node_modules/node-pre-gyp/lib/unpublish.js
371 silly gunzTarPerm extractEntry node_modules/node-pre-gyp/lib/util/abi_crosswalk.json
372 silly gunzTarPerm extractEntry node_modules/node-pre-gyp/lib/util/compile.js
373 silly gunzTarPerm extractEntry node_modules/node-pre-gyp/lib/util/handle_gyp_opts.js
374 silly gunzTarPerm extractEntry node_modules/node-pre-gyp/lib/util/napi.js
375 silly gunzTarPerm extractEntry node_modules/node-pre-gyp/lib/util/nw-pre-gyp/index.html
376 silly gunzTarPerm extractEntry node_modules/node-pre-gyp/lib/util/nw-pre-gyp/package.json
377 silly gunzTarPerm extractEntry node_modules/node-pre-gyp/lib/util/s3_setup.js
378 silly gunzTarPerm extractEntry node_modules/node-pre-gyp/lib/util/versioning.js
379 silly gunzTarPerm extractEntry node_modules/node-pre-gyp/LICENSE
380 silly gunzTarPerm extractEntry node_modules/node-pre-gyp/package.json
381 silly gunzTarPerm extractEntry node_modules/node-pre-gyp/README.md
382 silly gunzTarPerm extractEntry node_modules/nopt/.npmignore
383 silly gunzTarPerm extractEntry node_modules/nopt/.travis.yml
384 silly gunzTarPerm extractEntry node_modules/nopt/bin/nopt.js
385 silly gunzTarPerm extractEntry node_modules/nopt/CHANGELOG.md
386 silly gunzTarPerm extractEntry node_modules/nopt/examples/my-program.js
387 silly gunzTarPerm extractEntry node_modules/nopt/lib/nopt.js
388 silly gunzTarPerm extractEntry node_modules/nopt/LICENSE
389 silly gunzTarPerm extractEntry node_modules/nopt/package.json
390 silly gunzTarPerm extractEntry node_modules/nopt/README.md
391 silly gunzTarPerm extractEntry node_modules/nopt/test/basic.js
392 silly gunzTarPerm extractEntry node_modules/npm-bundled/index.js
393 silly gunzTarPerm extractEntry node_modules/npm-bundled/LICENSE
394 silly gunzTarPerm extractEntry node_modules/npm-bundled/package.json
395 silly gunzTarPerm extractEntry node_modules/npm-bundled/README.md
396 silly gunzTarPerm extractEntry node_modules/npm-packlist/index.js
397 silly gunzTarPerm extractEntry node_modules/npm-packlist/LICENSE
398 silly gunzTarPerm extractEntry node_modules/npm-packlist/package.json
399 silly gunzTarPerm extractEntry node_modules/npm-packlist/README.md
400 silly gunzTarPerm extractEntry node_modules/npmlog/CHANGELOG.md
401 silly gunzTarPerm extractEntry node_modules/npmlog/LICENSE
402 silly gunzTarPerm extractEntry node_modules/npmlog/log.js
403 silly gunzTarPerm extractEntry node_modules/npmlog/package.json
404 silly gunzTarPerm extractEntry node_modules/npmlog/README.md
405 silly gunzTarPerm extractEntry node_modules/number-is-nan/index.js
406 silly gunzTarPerm extractEntry node_modules/number-is-nan/license
407 silly gunzTarPerm extractEntry node_modules/number-is-nan/package.json
408 silly gunzTarPerm extractEntry node_modules/number-is-nan/readme.md
409 silly gunzTarPerm extractEntry node_modules/object-assign/index.js
410 silly gunzTarPerm extractEntry node_modules/object-assign/license
411 silly gunzTarPerm extractEntry node_modules/object-assign/package.json
412 silly gunzTarPerm extractEntry node_modules/object-assign/readme.md
413 silly gunzTarPerm extractEntry node_modules/once/LICENSE
414 silly gunzTarPerm extractEntry node_modules/once/once.js
415 silly gunzTarPerm extractEntry node_modules/once/package.json
416 silly gunzTarPerm extractEntry node_modules/once/README.md
417 silly gunzTarPerm extractEntry node_modules/os-homedir/index.js
418 silly gunzTarPerm extractEntry node_modules/os-homedir/license
419 silly gunzTarPerm extractEntry node_modules/os-homedir/package.json
420 silly gunzTarPerm extractEntry node_modules/os-homedir/readme.md
421 silly gunzTarPerm extractEntry node_modules/os-tmpdir/index.js
422 silly gunzTarPerm extractEntry node_modules/os-tmpdir/license
423 silly gunzTarPerm extractEntry node_modules/os-tmpdir/package.json
424 silly gunzTarPerm extractEntry node_modules/os-tmpdir/readme.md
425 silly gunzTarPerm extractEntry node_modules/osenv/LICENSE
426 silly gunzTarPerm extractEntry node_modules/osenv/osenv.js
427 silly gunzTarPerm extractEntry node_modules/osenv/package.json
428 silly gunzTarPerm extractEntry node_modules/osenv/README.md
429 silly gunzTarPerm extractEntry node_modules/path-is-absolute/index.js
430 silly gunzTarPerm extractEntry node_modules/path-is-absolute/license
431 silly gunzTarPerm extractEntry node_modules/path-is-absolute/package.json
432 silly gunzTarPerm extractEntry node_modules/path-is-absolute/readme.md
433 silly gunzTarPerm extractEntry node_modules/process-nextick-args/index.js
434 silly gunzTarPerm extractEntry node_modules/process-nextick-args/license.md
435 silly gunzTarPerm extractEntry node_modules/process-nextick-args/package.json
436 silly gunzTarPerm extractEntry node_modules/process-nextick-args/readme.md
437 silly gunzTarPerm extractEntry node_modules/rc/browser.js
438 silly gunzTarPerm extractEntry node_modules/rc/cli.js
439 silly gunzTarPerm extractEntry node_modules/rc/index.js
440 silly gunzTarPerm extractEntry node_modules/rc/lib/utils.js
441 silly gunzTarPerm extractEntry node_modules/rc/LICENSE.APACHE2
442 silly gunzTarPerm extractEntry node_modules/rc/LICENSE.BSD
443 silly gunzTarPerm extractEntry node_modules/rc/LICENSE.MIT
444 silly gunzTarPerm extractEntry node_modules/rc/node_modules/minimist/.travis.yml
445 silly gunzTarPerm extractEntry node_modules/rc/node_modules/minimist/example/parse.js
446 silly gunzTarPerm extractEntry node_modules/rc/node_modules/minimist/index.js
447 silly gunzTarPerm extractEntry node_modules/rc/node_modules/minimist/LICENSE
448 silly gunzTarPerm extractEntry node_modules/rc/node_modules/minimist/package.json
449 silly gunzTarPerm extractEntry node_modules/rc/node_modules/minimist/readme.markdown
450 silly gunzTarPerm extractEntry node_modules/rc/node_modules/minimist/test/all_bool.js
451 silly gunzTarPerm extractEntry node_modules/rc/node_modules/minimist/test/bool.js
452 silly gunzTarPerm extractEntry node_modules/rc/node_modules/minimist/test/dash.js
453 silly gunzTarPerm extractEntry node_modules/rc/node_modules/minimist/test/default_bool.js
454 silly gunzTarPerm extractEntry node_modules/rc/node_modules/minimist/test/dotted.js
455 silly gunzTarPerm extractEntry node_modules/rc/node_modules/minimist/test/kv_short.js
456 silly gunzTarPerm extractEntry node_modules/rc/node_modules/minimist/test/long.js
457 silly gunzTarPerm extractEntry node_modules/rc/node_modules/minimist/test/num.js
458 silly gunzTarPerm extractEntry node_modules/rc/node_modules/minimist/test/parse_modified.js
459 silly gunzTarPerm extractEntry node_modules/rc/node_modules/minimist/test/parse.js
460 silly gunzTarPerm extractEntry node_modules/rc/node_modules/minimist/test/short.js
461 silly gunzTarPerm extractEntry node_modules/rc/node_modules/minimist/test/stop_early.js
462 silly gunzTarPerm extractEntry node_modules/rc/node_modules/minimist/test/unknown.js
463 silly gunzTarPerm extractEntry node_modules/rc/node_modules/minimist/test/whitespace.js
464 silly gunzTarPerm extractEntry node_modules/rc/package.json
465 silly gunzTarPerm extractEntry node_modules/rc/README.md
466 silly gunzTarPerm extractEntry node_modules/rc/test/ini.js
467 silly gunzTarPerm extractEntry node_modules/rc/test/nested-env-vars.js
468 silly gunzTarPerm extractEntry node_modules/rc/test/test.js
469 silly gunzTarPerm extractEntry node_modules/readable-stream/.travis.yml
470 silly gunzTarPerm extractEntry node_modules/readable-stream/CONTRIBUTING.md
471 silly gunzTarPerm extractEntry node_modules/readable-stream/doc/wg-meetings/2015-01-30.md
472 silly gunzTarPerm extractEntry node_modules/readable-stream/duplex-browser.js
473 silly gunzTarPerm extractEntry node_modules/readable-stream/duplex.js
474 silly gunzTarPerm extractEntry node_modules/readable-stream/GOVERNANCE.md
475 silly gunzTarPerm extractEntry node_modules/readable-stream/lib/_stream_duplex.js
476 silly gunzTarPerm extractEntry node_modules/readable-stream/lib/_stream_passthrough.js
477 silly gunzTarPerm extractEntry node_modules/readable-stream/lib/_stream_readable.js
478 silly gunzTarPerm extractEntry node_modules/readable-stream/lib/_stream_transform.js
479 silly gunzTarPerm extractEntry node_modules/readable-stream/lib/_stream_writable.js
480 silly gunzTarPerm extractEntry node_modules/readable-stream/lib/internal/streams/BufferList.js
481 silly gunzTarPerm extractEntry node_modules/readable-stream/lib/internal/streams/destroy.js
482 silly gunzTarPerm extractEntry node_modules/readable-stream/lib/internal/streams/stream-browser.js
483 silly gunzTarPerm extractEntry node_modules/readable-stream/lib/internal/streams/stream.js
484 silly gunzTarPerm extractEntry node_modules/readable-stream/LICENSE
485 silly gunzTarPerm extractEntry node_modules/readable-stream/package.json
486 silly gunzTarPerm extractEntry node_modules/readable-stream/passthrough.js
487 silly gunzTarPerm extractEntry node_modules/readable-stream/readable-browser.js
488 silly gunzTarPerm extractEntry node_modules/readable-stream/readable.js
489 silly gunzTarPerm extractEntry node_modules/readable-stream/README.md
490 silly gunzTarPerm extractEntry node_modules/readable-stream/transform.js
491 silly gunzTarPerm extractEntry node_modules/readable-stream/writable-browser.js
492 silly gunzTarPerm extractEntry node_modules/readable-stream/writable.js
493 silly gunzTarPerm extractEntry node_modules/rimraf/bin.js
494 silly gunzTarPerm extractEntry node_modules/rimraf/LICENSE
495 silly gunzTarPerm extractEntry node_modules/rimraf/package.json
496 silly gunzTarPerm extractEntry node_modules/rimraf/README.md
497 silly gunzTarPerm extractEntry node_modules/rimraf/rimraf.js
498 silly gunzTarPerm extractEntry node_modules/safe-buffer/index.d.ts
499 silly gunzTarPerm extractEntry node_modules/safe-buffer/index.js
500 silly gunzTarPerm extractEntry node_modules/safe-buffer/LICENSE
501 silly gunzTarPerm extractEntry node_modules/safe-buffer/package.json
502 silly gunzTarPerm extractEntry node_modules/safe-buffer/README.md
503 silly gunzTarPerm extractEntry node_modules/safer-buffer/dangerous.js
504 silly gunzTarPerm extractEntry node_modules/safer-buffer/LICENSE
505 silly gunzTarPerm extractEntry node_modules/safer-buffer/package.json
506 silly gunzTarPerm extractEntry node_modules/safer-buffer/Porting-Buffer.md
507 silly gunzTarPerm extractEntry node_modules/safer-buffer/Readme.md
508 silly gunzTarPerm extractEntry node_modules/safer-buffer/safer.js
509 silly gunzTarPerm extractEntry node_modules/safer-buffer/tests.js
510 silly gunzTarPerm extractEntry node_modules/sax/lib/sax.js
511 silly gunzTarPerm extractEntry node_modules/sax/LICENSE
512 silly gunzTarPerm extractEntry node_modules/sax/package.json
513 silly gunzTarPerm extractEntry node_modules/sax/README.md
514 silly gunzTarPerm extractEntry node_modules/semver/bin/semver
515 silly gunzTarPerm extractEntry node_modules/semver/LICENSE
516 silly gunzTarPerm extractEntry node_modules/semver/package.json
517 silly gunzTarPerm extractEntry node_modules/semver/range.bnf
518 silly gunzTarPerm extractEntry node_modules/semver/README.md
519 silly gunzTarPerm extractEntry node_modules/semver/semver.js
520 silly gunzTarPerm extractEntry node_modules/set-blocking/CHANGELOG.md
521 silly gunzTarPerm extractEntry node_modules/set-blocking/index.js
522 silly gunzTarPerm extractEntry node_modules/set-blocking/LICENSE.txt
523 silly gunzTarPerm extractEntry node_modules/set-blocking/package.json
524 silly gunzTarPerm extractEntry node_modules/set-blocking/README.md
525 silly gunzTarPerm extractEntry node_modules/signal-exit/CHANGELOG.md
526 silly gunzTarPerm extractEntry node_modules/signal-exit/index.js
527 silly gunzTarPerm extractEntry node_modules/signal-exit/LICENSE.txt
528 silly gunzTarPerm extractEntry node_modules/signal-exit/package.json
529 silly gunzTarPerm extractEntry node_modules/signal-exit/README.md
530 silly gunzTarPerm extractEntry node_modules/signal-exit/signals.js
531 silly gunzTarPerm extractEntry node_modules/string_decoder/.travis.yml
532 silly gunzTarPerm extractEntry node_modules/string_decoder/lib/string_decoder.js
533 silly gunzTarPerm extractEntry node_modules/string_decoder/LICENSE
534 silly gunzTarPerm extractEntry node_modules/string_decoder/package.json
535 silly gunzTarPerm extractEntry node_modules/string_decoder/README.md
536 silly gunzTarPerm extractEntry node_modules/string-width/index.js
537 silly gunzTarPerm extractEntry node_modules/string-width/license
538 silly gunzTarPerm extractEntry node_modules/string-width/package.json
539 silly gunzTarPerm extractEntry node_modules/string-width/readme.md
540 silly gunzTarPerm extractEntry node_modules/strip-ansi/index.js
541 silly gunzTarPerm extractEntry node_modules/strip-ansi/license
542 silly gunzTarPerm extractEntry node_modules/strip-ansi/package.json
543 silly gunzTarPerm extractEntry node_modules/strip-ansi/readme.md
544 silly gunzTarPerm extractEntry node_modules/strip-json-comments/index.js
545 silly gunzTarPerm extractEntry node_modules/strip-json-comments/license
546 silly gunzTarPerm extractEntry node_modules/strip-json-comments/package.json
547 silly gunzTarPerm extractEntry node_modules/strip-json-comments/readme.md
548 silly gunzTarPerm extractEntry node_modules/tar/index.js
549 silly gunzTarPerm extractEntry node_modules/tar/lib/buffer.js
550 silly gunzTarPerm extractEntry node_modules/tar/lib/create.js
551 silly gunzTarPerm extractEntry node_modules/tar/lib/extract.js
552 silly gunzTarPerm extractEntry node_modules/tar/lib/header.js
553 silly gunzTarPerm extractEntry node_modules/tar/lib/high-level-opt.js
554 silly gunzTarPerm extractEntry node_modules/tar/lib/large-numbers.js
555 silly gunzTarPerm extractEntry node_modules/tar/lib/list.js
556 silly gunzTarPerm extractEntry node_modules/tar/lib/mkdir.js
557 silly gunzTarPerm extractEntry node_modules/tar/lib/mode-fix.js
558 silly gunzTarPerm extractEntry node_modules/tar/lib/pack.js
559 silly gunzTarPerm extractEntry node_modules/tar/lib/parse.js
560 silly gunzTarPerm extractEntry node_modules/tar/lib/pax.js
561 silly gunzTarPerm extractEntry node_modules/tar/lib/read-entry.js
562 silly gunzTarPerm extractEntry node_modules/tar/lib/replace.js
563 silly gunzTarPerm extractEntry node_modules/tar/lib/types.js
564 silly gunzTarPerm extractEntry node_modules/tar/lib/unpack.js
565 silly gunzTarPerm extractEntry node_modules/tar/lib/update.js
566 silly gunzTarPerm extractEntry node_modules/tar/lib/warn-mixin.js
567 silly gunzTarPerm extractEntry node_modules/tar/lib/winchars.js
568 silly gunzTarPerm extractEntry node_modules/tar/lib/write-entry.js
569 silly gunzTarPerm extractEntry node_modules/tar/LICENSE
570 silly gunzTarPerm extractEntry node_modules/tar/package.json
571 silly gunzTarPerm extractEntry node_modules/tar/README.md
572 silly gunzTarPerm extractEntry node_modules/util-deprecate/browser.js
573 silly gunzTarPerm extractEntry node_modules/util-deprecate/History.md
574 silly gunzTarPerm extractEntry node_modules/util-deprecate/LICENSE
575 silly gunzTarPerm extractEntry node_modules/util-deprecate/node.js
576 silly gunzTarPerm extractEntry node_modules/util-deprecate/package.json
577 silly gunzTarPerm extractEntry node_modules/util-deprecate/README.md
578 silly gunzTarPerm extractEntry node_modules/wide-align/align.js
579 silly gunzTarPerm extractEntry node_modules/wide-align/LICENSE
580 silly gunzTarPerm extractEntry node_modules/wide-align/package.json
581 silly gunzTarPerm extractEntry node_modules/wide-align/README.md
582 silly gunzTarPerm extractEntry node_modules/wrappy/LICENSE
583 silly gunzTarPerm extractEntry node_modules/wrappy/package.json
584 silly gunzTarPerm extractEntry node_modules/wrappy/README.md
585 silly gunzTarPerm extractEntry node_modules/wrappy/wrappy.js
586 silly gunzTarPerm extractEntry node_modules/yallist/iterator.js
587 silly gunzTarPerm extractEntry node_modules/yallist/LICENSE
588 silly gunzTarPerm extractEntry node_modules/yallist/package.json
589 silly gunzTarPerm extractEntry node_modules/yallist/README.md
590 silly gunzTarPerm extractEntry node_modules/yallist/yallist.js
591 silly lockFile 74ec24c7--pi-code-node-modules-grpc-tools tar:///home/pi/code/node_modules/grpc-tools
592 silly lockFile 74ec24c7--pi-code-node-modules-grpc-tools tar:///home/pi/code/node_modules/grpc-tools
593 silly lockFile 87a25435-npm-grpc-tools-1-7-1-package-tgz tar:///home/pi/.npm/grpc-tools/1.7.1/package.tgz
594 silly lockFile 87a25435-npm-grpc-tools-1-7-1-package-tgz tar:///home/pi/.npm/grpc-tools/1.7.1/package.tgz
595 info preinstall grpc-tools@1.7.1
596 verbose readDependencies using package.json deps
597 verbose readDependencies using package.json deps
598 silly resolved []
599 verbose about to build /home/pi/code/node_modules/grpc-tools
600 info build /home/pi/code/node_modules/grpc-tools
601 verbose linkStuff [ false, false, false, '/home/pi/code/node_modules' ]
602 info linkStuff grpc-tools@1.7.1
603 verbose linkBins grpc-tools@1.7.1
604 verbose link bins [ { grpc_tools_node_protoc: './bin/protoc.js',
604 verbose link bins     grpc_tools_node_protoc_plugin: './bin/protoc_plugin.js' },
604 verbose link bins   '/home/pi/code/node_modules/.bin',
604 verbose link bins   false ]
605 verbose linkMans grpc-tools@1.7.1
606 verbose rebuildBundles grpc-tools@1.7.1
607 verbose rebuildBundles [ 'abbrev',
607 verbose rebuildBundles   'ansi-regex',
607 verbose rebuildBundles   'aproba',
607 verbose rebuildBundles   'are-we-there-yet',
607 verbose rebuildBundles   'balanced-match',
607 verbose rebuildBundles   'brace-expansion',
607 verbose rebuildBundles   'chownr',
607 verbose rebuildBundles   'code-point-at',
607 verbose rebuildBundles   'concat-map',
607 verbose rebuildBundles   'console-control-strings',
607 verbose rebuildBundles   'core-util-is',
607 verbose rebuildBundles   'debug',
607 verbose rebuildBundles   'deep-extend',
607 verbose rebuildBundles   'delegates',
607 verbose rebuildBundles   'detect-libc',
607 verbose rebuildBundles   'fs-minipass',
607 verbose rebuildBundles   'fs.realpath',
607 verbose rebuildBundles   'gauge',
607 verbose rebuildBundles   'glob',
607 verbose rebuildBundles   'has-unicode',
607 verbose rebuildBundles   'iconv-lite',
607 verbose rebuildBundles   'ignore-walk',
607 verbose rebuildBundles   'inflight',
607 verbose rebuildBundles   'inherits',
607 verbose rebuildBundles   'ini',
607 verbose rebuildBundles   'is-fullwidth-code-point',
607 verbose rebuildBundles   'isarray',
607 verbose rebuildBundles   'minimatch',
607 verbose rebuildBundles   'minimist',
607 verbose rebuildBundles   'minipass',
607 verbose rebuildBundles   'minizlib',
607 verbose rebuildBundles   'mkdirp',
607 verbose rebuildBundles   'ms',
607 verbose rebuildBundles   'needle',
607 verbose rebuildBundles   'node-pre-gyp',
607 verbose rebuildBundles   'nopt',
607 verbose rebuildBundles   'npm-bundled',
607 verbose rebuildBundles   'npm-packlist',
607 verbose rebuildBundles   'npmlog',
607 verbose rebuildBundles   'number-is-nan',
607 verbose rebuildBundles   'object-assign',
607 verbose rebuildBundles   'once',
607 verbose rebuildBundles   'os-homedir',
607 verbose rebuildBundles   'os-tmpdir',
607 verbose rebuildBundles   'osenv',
607 verbose rebuildBundles   'path-is-absolute',
607 verbose rebuildBundles   'process-nextick-args',
607 verbose rebuildBundles   'rc',
607 verbose rebuildBundles   'readable-stream',
607 verbose rebuildBundles   'rimraf',
607 verbose rebuildBundles   'safe-buffer',
607 verbose rebuildBundles   'safer-buffer',
607 verbose rebuildBundles   'sax',
607 verbose rebuildBundles   'semver',
607 verbose rebuildBundles   'set-blocking',
607 verbose rebuildBundles   'signal-exit',
607 verbose rebuildBundles   'string-width',
607 verbose rebuildBundles   'string_decoder',
607 verbose rebuildBundles   'strip-ansi',
607 verbose rebuildBundles   'strip-json-comments',
607 verbose rebuildBundles   'tar',
607 verbose rebuildBundles   'util-deprecate',
607 verbose rebuildBundles   'wide-align',
607 verbose rebuildBundles   'wrappy',
607 verbose rebuildBundles   'yallist' ]
608 verbose rebuild bundle /home/pi/code/node_modules/grpc-tools/node_modules/abbrev
609 info build /home/pi/code/node_modules/grpc-tools/node_modules/abbrev
610 warn package.json string_decoder@1.1.1 string_decoder is also the name of a node core module.
611 info preinstall abbrev@1.1.1
612 verbose linkStuff [ false,
612 verbose linkStuff   false,
612 verbose linkStuff   false,
612 verbose linkStuff   '/home/pi/code/node_modules/grpc-tools/node_modules' ]
613 info linkStuff abbrev@1.1.1
614 verbose linkBins abbrev@1.1.1
615 verbose linkMans abbrev@1.1.1
616 verbose rebuildBundles abbrev@1.1.1
617 info install abbrev@1.1.1
618 info postinstall abbrev@1.1.1
619 verbose rebuild bundle /home/pi/code/node_modules/grpc-tools/node_modules/ansi-regex
620 info build /home/pi/code/node_modules/grpc-tools/node_modules/ansi-regex
621 info preinstall ansi-regex@2.1.1
622 verbose linkStuff [ false,
622 verbose linkStuff   false,
622 verbose linkStuff   false,
622 verbose linkStuff   '/home/pi/code/node_modules/grpc-tools/node_modules' ]
623 info linkStuff ansi-regex@2.1.1
624 verbose linkBins ansi-regex@2.1.1
625 verbose linkMans ansi-regex@2.1.1
626 verbose rebuildBundles ansi-regex@2.1.1
627 info install ansi-regex@2.1.1
628 info postinstall ansi-regex@2.1.1
629 verbose rebuild bundle /home/pi/code/node_modules/grpc-tools/node_modules/aproba
630 info build /home/pi/code/node_modules/grpc-tools/node_modules/aproba
631 info preinstall aproba@1.2.0
632 verbose linkStuff [ false,
632 verbose linkStuff   false,
632 verbose linkStuff   false,
632 verbose linkStuff   '/home/pi/code/node_modules/grpc-tools/node_modules' ]
633 info linkStuff aproba@1.2.0
634 verbose linkBins aproba@1.2.0
635 verbose linkMans aproba@1.2.0
636 verbose rebuildBundles aproba@1.2.0
637 info install aproba@1.2.0
638 info postinstall aproba@1.2.0
639 verbose rebuild bundle /home/pi/code/node_modules/grpc-tools/node_modules/are-we-there-yet
640 info build /home/pi/code/node_modules/grpc-tools/node_modules/are-we-there-yet
641 info preinstall are-we-there-yet@1.1.5
642 verbose linkStuff [ false,
642 verbose linkStuff   false,
642 verbose linkStuff   false,
642 verbose linkStuff   '/home/pi/code/node_modules/grpc-tools/node_modules' ]
643 info linkStuff are-we-there-yet@1.1.5
644 verbose linkBins are-we-there-yet@1.1.5
645 verbose linkMans are-we-there-yet@1.1.5
646 verbose rebuildBundles are-we-there-yet@1.1.5
647 info install are-we-there-yet@1.1.5
648 info postinstall are-we-there-yet@1.1.5
649 verbose rebuild bundle /home/pi/code/node_modules/grpc-tools/node_modules/balanced-match
650 info build /home/pi/code/node_modules/grpc-tools/node_modules/balanced-match
651 info preinstall balanced-match@1.0.0
652 verbose linkStuff [ false,
652 verbose linkStuff   false,
652 verbose linkStuff   false,
652 verbose linkStuff   '/home/pi/code/node_modules/grpc-tools/node_modules' ]
653 info linkStuff balanced-match@1.0.0
654 verbose linkBins balanced-match@1.0.0
655 verbose linkMans balanced-match@1.0.0
656 verbose rebuildBundles balanced-match@1.0.0
657 info install balanced-match@1.0.0
658 info postinstall balanced-match@1.0.0
659 verbose rebuild bundle /home/pi/code/node_modules/grpc-tools/node_modules/brace-expansion
660 info build /home/pi/code/node_modules/grpc-tools/node_modules/brace-expansion
661 info preinstall brace-expansion@1.1.11
662 verbose linkStuff [ false,
662 verbose linkStuff   false,
662 verbose linkStuff   false,
662 verbose linkStuff   '/home/pi/code/node_modules/grpc-tools/node_modules' ]
663 info linkStuff brace-expansion@1.1.11
664 verbose linkBins brace-expansion@1.1.11
665 verbose linkMans brace-expansion@1.1.11
666 verbose rebuildBundles brace-expansion@1.1.11
667 info install brace-expansion@1.1.11
668 info postinstall brace-expansion@1.1.11
669 verbose rebuild bundle /home/pi/code/node_modules/grpc-tools/node_modules/chownr
670 info build /home/pi/code/node_modules/grpc-tools/node_modules/chownr
671 info preinstall chownr@1.1.1
672 verbose linkStuff [ false,
672 verbose linkStuff   false,
672 verbose linkStuff   false,
672 verbose linkStuff   '/home/pi/code/node_modules/grpc-tools/node_modules' ]
673 info linkStuff chownr@1.1.1
674 verbose linkBins chownr@1.1.1
675 verbose linkMans chownr@1.1.1
676 verbose rebuildBundles chownr@1.1.1
677 info install chownr@1.1.1
678 info postinstall chownr@1.1.1
679 verbose rebuild bundle /home/pi/code/node_modules/grpc-tools/node_modules/code-point-at
680 info build /home/pi/code/node_modules/grpc-tools/node_modules/code-point-at
681 info preinstall code-point-at@1.1.0
682 verbose linkStuff [ false,
682 verbose linkStuff   false,
682 verbose linkStuff   false,
682 verbose linkStuff   '/home/pi/code/node_modules/grpc-tools/node_modules' ]
683 info linkStuff code-point-at@1.1.0
684 verbose linkBins code-point-at@1.1.0
685 verbose linkMans code-point-at@1.1.0
686 verbose rebuildBundles code-point-at@1.1.0
687 info install code-point-at@1.1.0
688 info postinstall code-point-at@1.1.0
689 verbose rebuild bundle /home/pi/code/node_modules/grpc-tools/node_modules/concat-map
690 info build /home/pi/code/node_modules/grpc-tools/node_modules/concat-map
691 info preinstall concat-map@0.0.1
692 verbose linkStuff [ false,
692 verbose linkStuff   false,
692 verbose linkStuff   false,
692 verbose linkStuff   '/home/pi/code/node_modules/grpc-tools/node_modules' ]
693 info linkStuff concat-map@0.0.1
694 verbose linkBins concat-map@0.0.1
695 verbose linkMans concat-map@0.0.1
696 verbose rebuildBundles concat-map@0.0.1
697 info install concat-map@0.0.1
698 info postinstall concat-map@0.0.1
699 verbose rebuild bundle /home/pi/code/node_modules/grpc-tools/node_modules/console-control-strings
700 info build /home/pi/code/node_modules/grpc-tools/node_modules/console-control-strings
701 info preinstall console-control-strings@1.1.0
702 verbose linkStuff [ false,
702 verbose linkStuff   false,
702 verbose linkStuff   false,
702 verbose linkStuff   '/home/pi/code/node_modules/grpc-tools/node_modules' ]
703 info linkStuff console-control-strings@1.1.0
704 verbose linkBins console-control-strings@1.1.0
705 verbose linkMans console-control-strings@1.1.0
706 verbose rebuildBundles console-control-strings@1.1.0
707 info install console-control-strings@1.1.0
708 info postinstall console-control-strings@1.1.0
709 verbose rebuild bundle /home/pi/code/node_modules/grpc-tools/node_modules/core-util-is
710 info build /home/pi/code/node_modules/grpc-tools/node_modules/core-util-is
711 info preinstall core-util-is@1.0.2
712 verbose linkStuff [ false,
712 verbose linkStuff   false,
712 verbose linkStuff   false,
712 verbose linkStuff   '/home/pi/code/node_modules/grpc-tools/node_modules' ]
713 info linkStuff core-util-is@1.0.2
714 verbose linkBins core-util-is@1.0.2
715 verbose linkMans core-util-is@1.0.2
716 verbose rebuildBundles core-util-is@1.0.2
717 info install core-util-is@1.0.2
718 info postinstall core-util-is@1.0.2
719 verbose rebuild bundle /home/pi/code/node_modules/grpc-tools/node_modules/debug
720 info build /home/pi/code/node_modules/grpc-tools/node_modules/debug
721 info preinstall debug@2.6.9
722 verbose linkStuff [ false,
722 verbose linkStuff   false,
722 verbose linkStuff   false,
722 verbose linkStuff   '/home/pi/code/node_modules/grpc-tools/node_modules' ]
723 info linkStuff debug@2.6.9
724 verbose linkBins debug@2.6.9
725 verbose linkMans debug@2.6.9
726 verbose rebuildBundles debug@2.6.9
727 info install debug@2.6.9
728 info postinstall debug@2.6.9
729 verbose rebuild bundle /home/pi/code/node_modules/grpc-tools/node_modules/deep-extend
730 info build /home/pi/code/node_modules/grpc-tools/node_modules/deep-extend
731 info preinstall deep-extend@0.6.0
732 verbose linkStuff [ false,
732 verbose linkStuff   false,
732 verbose linkStuff   false,
732 verbose linkStuff   '/home/pi/code/node_modules/grpc-tools/node_modules' ]
733 info linkStuff deep-extend@0.6.0
734 verbose linkBins deep-extend@0.6.0
735 verbose linkMans deep-extend@0.6.0
736 verbose rebuildBundles deep-extend@0.6.0
737 info install deep-extend@0.6.0
738 info postinstall deep-extend@0.6.0
739 verbose rebuild bundle /home/pi/code/node_modules/grpc-tools/node_modules/delegates
740 info build /home/pi/code/node_modules/grpc-tools/node_modules/delegates
741 info preinstall delegates@1.0.0
742 verbose linkStuff [ false,
742 verbose linkStuff   false,
742 verbose linkStuff   false,
742 verbose linkStuff   '/home/pi/code/node_modules/grpc-tools/node_modules' ]
743 info linkStuff delegates@1.0.0
744 verbose linkBins delegates@1.0.0
745 verbose linkMans delegates@1.0.0
746 verbose rebuildBundles delegates@1.0.0
747 info install delegates@1.0.0
748 info postinstall delegates@1.0.0
749 verbose rebuild bundle /home/pi/code/node_modules/grpc-tools/node_modules/detect-libc
750 info build /home/pi/code/node_modules/grpc-tools/node_modules/detect-libc
751 info preinstall detect-libc@1.0.3
752 verbose linkStuff [ false,
752 verbose linkStuff   false,
752 verbose linkStuff   false,
752 verbose linkStuff   '/home/pi/code/node_modules/grpc-tools/node_modules' ]
753 info linkStuff detect-libc@1.0.3
754 verbose linkBins detect-libc@1.0.3
755 verbose link bins [ { 'detect-libc': './bin/detect-libc.js' },
755 verbose link bins   '/home/pi/code/node_modules/grpc-tools/node_modules/.bin',
755 verbose link bins   false ]
756 verbose linkMans detect-libc@1.0.3
757 verbose rebuildBundles detect-libc@1.0.3
758 info install detect-libc@1.0.3
759 info postinstall detect-libc@1.0.3
760 verbose rebuild bundle /home/pi/code/node_modules/grpc-tools/node_modules/fs-minipass
761 info build /home/pi/code/node_modules/grpc-tools/node_modules/fs-minipass
762 info preinstall fs-minipass@1.2.5
763 verbose linkStuff [ false,
763 verbose linkStuff   false,
763 verbose linkStuff   false,
763 verbose linkStuff   '/home/pi/code/node_modules/grpc-tools/node_modules' ]
764 info linkStuff fs-minipass@1.2.5
765 verbose linkBins fs-minipass@1.2.5
766 verbose linkMans fs-minipass@1.2.5
767 verbose rebuildBundles fs-minipass@1.2.5
768 info install fs-minipass@1.2.5
769 info postinstall fs-minipass@1.2.5
770 verbose rebuild bundle /home/pi/code/node_modules/grpc-tools/node_modules/fs.realpath
771 info build /home/pi/code/node_modules/grpc-tools/node_modules/fs.realpath
772 info preinstall fs.realpath@1.0.0
773 verbose linkStuff [ false,
773 verbose linkStuff   false,
773 verbose linkStuff   false,
773 verbose linkStuff   '/home/pi/code/node_modules/grpc-tools/node_modules' ]
774 info linkStuff fs.realpath@1.0.0
775 verbose linkBins fs.realpath@1.0.0
776 verbose linkMans fs.realpath@1.0.0
777 verbose rebuildBundles fs.realpath@1.0.0
778 info install fs.realpath@1.0.0
779 info postinstall fs.realpath@1.0.0
780 verbose rebuild bundle /home/pi/code/node_modules/grpc-tools/node_modules/gauge
781 info build /home/pi/code/node_modules/grpc-tools/node_modules/gauge
782 info preinstall gauge@2.7.4
783 verbose linkStuff [ false,
783 verbose linkStuff   false,
783 verbose linkStuff   false,
783 verbose linkStuff   '/home/pi/code/node_modules/grpc-tools/node_modules' ]
784 info linkStuff gauge@2.7.4
785 verbose linkBins gauge@2.7.4
786 verbose linkMans gauge@2.7.4
787 verbose rebuildBundles gauge@2.7.4
788 info install gauge@2.7.4
789 info postinstall gauge@2.7.4
790 verbose rebuild bundle /home/pi/code/node_modules/grpc-tools/node_modules/glob
791 info build /home/pi/code/node_modules/grpc-tools/node_modules/glob
792 info preinstall glob@7.1.3
793 verbose linkStuff [ false,
793 verbose linkStuff   false,
793 verbose linkStuff   false,
793 verbose linkStuff   '/home/pi/code/node_modules/grpc-tools/node_modules' ]
794 info linkStuff glob@7.1.3
795 verbose linkBins glob@7.1.3
796 verbose linkMans glob@7.1.3
797 verbose rebuildBundles glob@7.1.3
798 info install glob@7.1.3
799 info postinstall glob@7.1.3
800 verbose rebuild bundle /home/pi/code/node_modules/grpc-tools/node_modules/has-unicode
801 info build /home/pi/code/node_modules/grpc-tools/node_modules/has-unicode
802 info preinstall has-unicode@2.0.1
803 verbose linkStuff [ false,
803 verbose linkStuff   false,
803 verbose linkStuff   false,
803 verbose linkStuff   '/home/pi/code/node_modules/grpc-tools/node_modules' ]
804 info linkStuff has-unicode@2.0.1
805 verbose linkBins has-unicode@2.0.1
806 verbose linkMans has-unicode@2.0.1
807 verbose rebuildBundles has-unicode@2.0.1
808 info install has-unicode@2.0.1
809 info postinstall has-unicode@2.0.1
810 verbose rebuild bundle /home/pi/code/node_modules/grpc-tools/node_modules/iconv-lite
811 info build /home/pi/code/node_modules/grpc-tools/node_modules/iconv-lite
812 info preinstall iconv-lite@0.4.24
813 verbose linkStuff [ false,
813 verbose linkStuff   false,
813 verbose linkStuff   false,
813 verbose linkStuff   '/home/pi/code/node_modules/grpc-tools/node_modules' ]
814 info linkStuff iconv-lite@0.4.24
815 verbose linkBins iconv-lite@0.4.24
816 verbose linkMans iconv-lite@0.4.24
817 verbose rebuildBundles iconv-lite@0.4.24
818 info install iconv-lite@0.4.24
819 info postinstall iconv-lite@0.4.24
820 verbose rebuild bundle /home/pi/code/node_modules/grpc-tools/node_modules/ignore-walk
821 info build /home/pi/code/node_modules/grpc-tools/node_modules/ignore-walk
822 info preinstall ignore-walk@3.0.1
823 verbose linkStuff [ false,
823 verbose linkStuff   false,
823 verbose linkStuff   false,
823 verbose linkStuff   '/home/pi/code/node_modules/grpc-tools/node_modules' ]
824 info linkStuff ignore-walk@3.0.1
825 verbose linkBins ignore-walk@3.0.1
826 verbose linkMans ignore-walk@3.0.1
827 verbose rebuildBundles ignore-walk@3.0.1
828 info install ignore-walk@3.0.1
829 info postinstall ignore-walk@3.0.1
830 verbose rebuild bundle /home/pi/code/node_modules/grpc-tools/node_modules/inflight
831 info build /home/pi/code/node_modules/grpc-tools/node_modules/inflight
832 info preinstall inflight@1.0.6
833 verbose linkStuff [ false,
833 verbose linkStuff   false,
833 verbose linkStuff   false,
833 verbose linkStuff   '/home/pi/code/node_modules/grpc-tools/node_modules' ]
834 info linkStuff inflight@1.0.6
835 verbose linkBins inflight@1.0.6
836 verbose linkMans inflight@1.0.6
837 verbose rebuildBundles inflight@1.0.6
838 info install inflight@1.0.6
839 info postinstall inflight@1.0.6
840 verbose rebuild bundle /home/pi/code/node_modules/grpc-tools/node_modules/inherits
841 info build /home/pi/code/node_modules/grpc-tools/node_modules/inherits
842 info preinstall inherits@2.0.3
843 verbose linkStuff [ false,
843 verbose linkStuff   false,
843 verbose linkStuff   false,
843 verbose linkStuff   '/home/pi/code/node_modules/grpc-tools/node_modules' ]
844 info linkStuff inherits@2.0.3
845 verbose linkBins inherits@2.0.3
846 verbose linkMans inherits@2.0.3
847 verbose rebuildBundles inherits@2.0.3
848 info install inherits@2.0.3
849 info postinstall inherits@2.0.3
850 verbose rebuild bundle /home/pi/code/node_modules/grpc-tools/node_modules/ini
851 info build /home/pi/code/node_modules/grpc-tools/node_modules/ini
852 info preinstall ini@1.3.5
853 verbose linkStuff [ false,
853 verbose linkStuff   false,
853 verbose linkStuff   false,
853 verbose linkStuff   '/home/pi/code/node_modules/grpc-tools/node_modules' ]
854 info linkStuff ini@1.3.5
855 verbose linkBins ini@1.3.5
856 verbose linkMans ini@1.3.5
857 verbose rebuildBundles ini@1.3.5
858 info install ini@1.3.5
859 info postinstall ini@1.3.5
860 verbose rebuild bundle /home/pi/code/node_modules/grpc-tools/node_modules/is-fullwidth-code-point
861 info build /home/pi/code/node_modules/grpc-tools/node_modules/is-fullwidth-code-point
862 info preinstall is-fullwidth-code-point@1.0.0
863 verbose linkStuff [ false,
863 verbose linkStuff   false,
863 verbose linkStuff   false,
863 verbose linkStuff   '/home/pi/code/node_modules/grpc-tools/node_modules' ]
864 info linkStuff is-fullwidth-code-point@1.0.0
865 verbose linkBins is-fullwidth-code-point@1.0.0
866 verbose linkMans is-fullwidth-code-point@1.0.0
867 verbose rebuildBundles is-fullwidth-code-point@1.0.0
868 info install is-fullwidth-code-point@1.0.0
869 info postinstall is-fullwidth-code-point@1.0.0
870 verbose rebuild bundle /home/pi/code/node_modules/grpc-tools/node_modules/isarray
871 info build /home/pi/code/node_modules/grpc-tools/node_modules/isarray
872 info preinstall isarray@1.0.0
873 verbose linkStuff [ false,
873 verbose linkStuff   false,
873 verbose linkStuff   false,
873 verbose linkStuff   '/home/pi/code/node_modules/grpc-tools/node_modules' ]
874 info linkStuff isarray@1.0.0
875 verbose linkBins isarray@1.0.0
876 verbose linkMans isarray@1.0.0
877 verbose rebuildBundles isarray@1.0.0
878 info install isarray@1.0.0
879 info postinstall isarray@1.0.0
880 verbose rebuild bundle /home/pi/code/node_modules/grpc-tools/node_modules/minimatch
881 info build /home/pi/code/node_modules/grpc-tools/node_modules/minimatch
882 info preinstall minimatch@3.0.4
883 verbose linkStuff [ false,
883 verbose linkStuff   false,
883 verbose linkStuff   false,
883 verbose linkStuff   '/home/pi/code/node_modules/grpc-tools/node_modules' ]
884 info linkStuff minimatch@3.0.4
885 verbose linkBins minimatch@3.0.4
886 verbose linkMans minimatch@3.0.4
887 verbose rebuildBundles minimatch@3.0.4
888 info install minimatch@3.0.4
889 info postinstall minimatch@3.0.4
890 verbose rebuild bundle /home/pi/code/node_modules/grpc-tools/node_modules/minimist
891 info build /home/pi/code/node_modules/grpc-tools/node_modules/minimist
892 info preinstall minimist@0.0.8
893 verbose linkStuff [ false,
893 verbose linkStuff   false,
893 verbose linkStuff   false,
893 verbose linkStuff   '/home/pi/code/node_modules/grpc-tools/node_modules' ]
894 info linkStuff minimist@0.0.8
895 verbose linkBins minimist@0.0.8
896 verbose linkMans minimist@0.0.8
897 verbose rebuildBundles minimist@0.0.8
898 info install minimist@0.0.8
899 info postinstall minimist@0.0.8
900 verbose rebuild bundle /home/pi/code/node_modules/grpc-tools/node_modules/minipass
901 info build /home/pi/code/node_modules/grpc-tools/node_modules/minipass
902 info preinstall minipass@2.3.5
903 verbose linkStuff [ false,
903 verbose linkStuff   false,
903 verbose linkStuff   false,
903 verbose linkStuff   '/home/pi/code/node_modules/grpc-tools/node_modules' ]
904 info linkStuff minipass@2.3.5
905 verbose linkBins minipass@2.3.5
906 verbose linkMans minipass@2.3.5
907 verbose rebuildBundles minipass@2.3.5
908 info install minipass@2.3.5
909 info postinstall minipass@2.3.5
910 verbose rebuild bundle /home/pi/code/node_modules/grpc-tools/node_modules/minizlib
911 info build /home/pi/code/node_modules/grpc-tools/node_modules/minizlib
912 info preinstall minizlib@1.2.1
913 verbose linkStuff [ false,
913 verbose linkStuff   false,
913 verbose linkStuff   false,
913 verbose linkStuff   '/home/pi/code/node_modules/grpc-tools/node_modules' ]
914 info linkStuff minizlib@1.2.1
915 verbose linkBins minizlib@1.2.1
916 verbose linkMans minizlib@1.2.1
917 verbose rebuildBundles minizlib@1.2.1
918 info install minizlib@1.2.1
919 info postinstall minizlib@1.2.1
920 verbose rebuild bundle /home/pi/code/node_modules/grpc-tools/node_modules/mkdirp
921 info build /home/pi/code/node_modules/grpc-tools/node_modules/mkdirp
922 info preinstall mkdirp@0.5.1
923 verbose linkStuff [ false,
923 verbose linkStuff   false,
923 verbose linkStuff   false,
923 verbose linkStuff   '/home/pi/code/node_modules/grpc-tools/node_modules' ]
924 info linkStuff mkdirp@0.5.1
925 verbose linkBins mkdirp@0.5.1
926 verbose link bins [ { mkdirp: 'bin/cmd.js' },
926 verbose link bins   '/home/pi/code/node_modules/grpc-tools/node_modules/.bin',
926 verbose link bins   false ]
927 verbose linkMans mkdirp@0.5.1
928 verbose rebuildBundles mkdirp@0.5.1
929 info install mkdirp@0.5.1
930 info postinstall mkdirp@0.5.1
931 verbose rebuild bundle /home/pi/code/node_modules/grpc-tools/node_modules/ms
932 info build /home/pi/code/node_modules/grpc-tools/node_modules/ms
933 info preinstall ms@2.0.0
934 verbose linkStuff [ false,
934 verbose linkStuff   false,
934 verbose linkStuff   false,
934 verbose linkStuff   '/home/pi/code/node_modules/grpc-tools/node_modules' ]
935 info linkStuff ms@2.0.0
936 verbose linkBins ms@2.0.0
937 verbose linkMans ms@2.0.0
938 verbose rebuildBundles ms@2.0.0
939 info install ms@2.0.0
940 info postinstall ms@2.0.0
941 verbose rebuild bundle /home/pi/code/node_modules/grpc-tools/node_modules/needle
942 info build /home/pi/code/node_modules/grpc-tools/node_modules/needle
943 info preinstall needle@2.2.4
944 verbose linkStuff [ false,
944 verbose linkStuff   false,
944 verbose linkStuff   false,
944 verbose linkStuff   '/home/pi/code/node_modules/grpc-tools/node_modules' ]
945 info linkStuff needle@2.2.4
946 verbose linkBins needle@2.2.4
947 verbose link bins [ { needle: './bin/needle' },
947 verbose link bins   '/home/pi/code/node_modules/grpc-tools/node_modules/.bin',
947 verbose link bins   false ]
948 verbose linkMans needle@2.2.4
949 verbose rebuildBundles needle@2.2.4
950 info install needle@2.2.4
951 info postinstall needle@2.2.4
952 verbose rebuild bundle /home/pi/code/node_modules/grpc-tools/node_modules/node-pre-gyp
953 info build /home/pi/code/node_modules/grpc-tools/node_modules/node-pre-gyp
954 info preinstall node-pre-gyp@0.12.0
955 verbose linkStuff [ false,
955 verbose linkStuff   false,
955 verbose linkStuff   false,
955 verbose linkStuff   '/home/pi/code/node_modules/grpc-tools/node_modules' ]
956 info linkStuff node-pre-gyp@0.12.0
957 verbose linkBins node-pre-gyp@0.12.0
958 verbose link bins [ { 'node-pre-gyp': './bin/node-pre-gyp' },
958 verbose link bins   '/home/pi/code/node_modules/grpc-tools/node_modules/.bin',
958 verbose link bins   false ]
959 verbose linkMans node-pre-gyp@0.12.0
960 verbose rebuildBundles node-pre-gyp@0.12.0
961 info install node-pre-gyp@0.12.0
962 info postinstall node-pre-gyp@0.12.0
963 verbose rebuild bundle /home/pi/code/node_modules/grpc-tools/node_modules/nopt
964 info build /home/pi/code/node_modules/grpc-tools/node_modules/nopt
965 info preinstall nopt@4.0.1
966 verbose linkStuff [ false,
966 verbose linkStuff   false,
966 verbose linkStuff   false,
966 verbose linkStuff   '/home/pi/code/node_modules/grpc-tools/node_modules' ]
967 info linkStuff nopt@4.0.1
968 verbose linkBins nopt@4.0.1
969 verbose link bins [ { nopt: './bin/nopt.js' },
969 verbose link bins   '/home/pi/code/node_modules/grpc-tools/node_modules/.bin',
969 verbose link bins   false ]
970 verbose linkMans nopt@4.0.1
971 verbose rebuildBundles nopt@4.0.1
972 info install nopt@4.0.1
973 info postinstall nopt@4.0.1
974 verbose rebuild bundle /home/pi/code/node_modules/grpc-tools/node_modules/npm-bundled
975 info build /home/pi/code/node_modules/grpc-tools/node_modules/npm-bundled
976 info preinstall npm-bundled@1.0.6
977 verbose linkStuff [ false,
977 verbose linkStuff   false,
977 verbose linkStuff   false,
977 verbose linkStuff   '/home/pi/code/node_modules/grpc-tools/node_modules' ]
978 info linkStuff npm-bundled@1.0.6
979 verbose linkBins npm-bundled@1.0.6
980 verbose linkMans npm-bundled@1.0.6
981 verbose rebuildBundles npm-bundled@1.0.6
982 info install npm-bundled@1.0.6
983 info postinstall npm-bundled@1.0.6
984 verbose rebuild bundle /home/pi/code/node_modules/grpc-tools/node_modules/npm-packlist
985 info build /home/pi/code/node_modules/grpc-tools/node_modules/npm-packlist
986 info preinstall npm-packlist@1.4.1
987 verbose linkStuff [ false,
987 verbose linkStuff   false,
987 verbose linkStuff   false,
987 verbose linkStuff   '/home/pi/code/node_modules/grpc-tools/node_modules' ]
988 info linkStuff npm-packlist@1.4.1
989 verbose linkBins npm-packlist@1.4.1
990 verbose linkMans npm-packlist@1.4.1
991 verbose rebuildBundles npm-packlist@1.4.1
992 info install npm-packlist@1.4.1
993 info postinstall npm-packlist@1.4.1
994 verbose rebuild bundle /home/pi/code/node_modules/grpc-tools/node_modules/npmlog
995 info build /home/pi/code/node_modules/grpc-tools/node_modules/npmlog
996 info preinstall npmlog@4.1.2
997 verbose linkStuff [ false,
997 verbose linkStuff   false,
997 verbose linkStuff   false,
997 verbose linkStuff   '/home/pi/code/node_modules/grpc-tools/node_modules' ]
998 info linkStuff npmlog@4.1.2
999 verbose linkBins npmlog@4.1.2
1000 verbose linkMans npmlog@4.1.2
1001 verbose rebuildBundles npmlog@4.1.2
1002 info install npmlog@4.1.2
1003 info postinstall npmlog@4.1.2
1004 verbose rebuild bundle /home/pi/code/node_modules/grpc-tools/node_modules/number-is-nan
1005 info build /home/pi/code/node_modules/grpc-tools/node_modules/number-is-nan
1006 info preinstall number-is-nan@1.0.1
1007 verbose linkStuff [ false,
1007 verbose linkStuff   false,
1007 verbose linkStuff   false,
1007 verbose linkStuff   '/home/pi/code/node_modules/grpc-tools/node_modules' ]
1008 info linkStuff number-is-nan@1.0.1
1009 verbose linkBins number-is-nan@1.0.1
1010 verbose linkMans number-is-nan@1.0.1
1011 verbose rebuildBundles number-is-nan@1.0.1
1012 info install number-is-nan@1.0.1
1013 info postinstall number-is-nan@1.0.1
1014 verbose rebuild bundle /home/pi/code/node_modules/grpc-tools/node_modules/object-assign
1015 info build /home/pi/code/node_modules/grpc-tools/node_modules/object-assign
1016 info preinstall object-assign@4.1.1
1017 verbose linkStuff [ false,
1017 verbose linkStuff   false,
1017 verbose linkStuff   false,
1017 verbose linkStuff   '/home/pi/code/node_modules/grpc-tools/node_modules' ]
1018 info linkStuff object-assign@4.1.1
1019 verbose linkBins object-assign@4.1.1
1020 verbose linkMans object-assign@4.1.1
1021 verbose rebuildBundles object-assign@4.1.1
1022 info install object-assign@4.1.1
1023 info postinstall object-assign@4.1.1
1024 verbose rebuild bundle /home/pi/code/node_modules/grpc-tools/node_modules/once
1025 info build /home/pi/code/node_modules/grpc-tools/node_modules/once
1026 info preinstall once@1.4.0
1027 verbose linkStuff [ false,
1027 verbose linkStuff   false,
1027 verbose linkStuff   false,
1027 verbose linkStuff   '/home/pi/code/node_modules/grpc-tools/node_modules' ]
1028 info linkStuff once@1.4.0
1029 verbose linkBins once@1.4.0
1030 verbose linkMans once@1.4.0
1031 verbose rebuildBundles once@1.4.0
1032 info install once@1.4.0
1033 info postinstall once@1.4.0
1034 verbose rebuild bundle /home/pi/code/node_modules/grpc-tools/node_modules/os-homedir
1035 info build /home/pi/code/node_modules/grpc-tools/node_modules/os-homedir
1036 info preinstall os-homedir@1.0.2
1037 verbose linkStuff [ false,
1037 verbose linkStuff   false,
1037 verbose linkStuff   false,
1037 verbose linkStuff   '/home/pi/code/node_modules/grpc-tools/node_modules' ]
1038 info linkStuff os-homedir@1.0.2
1039 verbose linkBins os-homedir@1.0.2
1040 verbose linkMans os-homedir@1.0.2
1041 verbose rebuildBundles os-homedir@1.0.2
1042 info install os-homedir@1.0.2
1043 info postinstall os-homedir@1.0.2
1044 verbose rebuild bundle /home/pi/code/node_modules/grpc-tools/node_modules/os-tmpdir
1045 info build /home/pi/code/node_modules/grpc-tools/node_modules/os-tmpdir
1046 info preinstall os-tmpdir@1.0.2
1047 verbose linkStuff [ false,
1047 verbose linkStuff   false,
1047 verbose linkStuff   false,
1047 verbose linkStuff   '/home/pi/code/node_modules/grpc-tools/node_modules' ]
1048 info linkStuff os-tmpdir@1.0.2
1049 verbose linkBins os-tmpdir@1.0.2
1050 verbose linkMans os-tmpdir@1.0.2
1051 verbose rebuildBundles os-tmpdir@1.0.2
1052 info install os-tmpdir@1.0.2
1053 info postinstall os-tmpdir@1.0.2
1054 verbose rebuild bundle /home/pi/code/node_modules/grpc-tools/node_modules/osenv
1055 info build /home/pi/code/node_modules/grpc-tools/node_modules/osenv
1056 info preinstall osenv@0.1.5
1057 verbose linkStuff [ false,
1057 verbose linkStuff   false,
1057 verbose linkStuff   false,
1057 verbose linkStuff   '/home/pi/code/node_modules/grpc-tools/node_modules' ]
1058 info linkStuff osenv@0.1.5
1059 verbose linkBins osenv@0.1.5
1060 verbose linkMans osenv@0.1.5
1061 verbose rebuildBundles osenv@0.1.5
1062 info install osenv@0.1.5
1063 info postinstall osenv@0.1.5
1064 verbose rebuild bundle /home/pi/code/node_modules/grpc-tools/node_modules/path-is-absolute
1065 info build /home/pi/code/node_modules/grpc-tools/node_modules/path-is-absolute
1066 info preinstall path-is-absolute@1.0.1
1067 verbose linkStuff [ false,
1067 verbose linkStuff   false,
1067 verbose linkStuff   false,
1067 verbose linkStuff   '/home/pi/code/node_modules/grpc-tools/node_modules' ]
1068 info linkStuff path-is-absolute@1.0.1
1069 verbose linkBins path-is-absolute@1.0.1
1070 verbose linkMans path-is-absolute@1.0.1
1071 verbose rebuildBundles path-is-absolute@1.0.1
1072 info install path-is-absolute@1.0.1
1073 info postinstall path-is-absolute@1.0.1
1074 verbose rebuild bundle /home/pi/code/node_modules/grpc-tools/node_modules/process-nextick-args
1075 info build /home/pi/code/node_modules/grpc-tools/node_modules/process-nextick-args
1076 info preinstall process-nextick-args@2.0.0
1077 verbose linkStuff [ false,
1077 verbose linkStuff   false,
1077 verbose linkStuff   false,
1077 verbose linkStuff   '/home/pi/code/node_modules/grpc-tools/node_modules' ]
1078 info linkStuff process-nextick-args@2.0.0
1079 verbose linkBins process-nextick-args@2.0.0
1080 verbose linkMans process-nextick-args@2.0.0
1081 verbose rebuildBundles process-nextick-args@2.0.0
1082 info install process-nextick-args@2.0.0
1083 info postinstall process-nextick-args@2.0.0
1084 verbose rebuild bundle /home/pi/code/node_modules/grpc-tools/node_modules/rc
1085 info build /home/pi/code/node_modules/grpc-tools/node_modules/rc
1086 info preinstall rc@1.2.8
1087 verbose linkStuff [ false,
1087 verbose linkStuff   false,
1087 verbose linkStuff   false,
1087 verbose linkStuff   '/home/pi/code/node_modules/grpc-tools/node_modules' ]
1088 info linkStuff rc@1.2.8
1089 verbose linkBins rc@1.2.8
1090 verbose link bins [ { rc: './cli.js' },
1090 verbose link bins   '/home/pi/code/node_modules/grpc-tools/node_modules/.bin',
1090 verbose link bins   false ]
1091 verbose linkMans rc@1.2.8
1092 verbose rebuildBundles rc@1.2.8
1093 verbose rebuildBundles [ 'minimist' ]
1094 info install rc@1.2.8
1095 info postinstall rc@1.2.8
1096 verbose rebuild bundle /home/pi/code/node_modules/grpc-tools/node_modules/readable-stream
1097 info build /home/pi/code/node_modules/grpc-tools/node_modules/readable-stream
1098 info preinstall readable-stream@2.3.6
1099 verbose linkStuff [ false,
1099 verbose linkStuff   false,
1099 verbose linkStuff   false,
1099 verbose linkStuff   '/home/pi/code/node_modules/grpc-tools/node_modules' ]
1100 info linkStuff readable-stream@2.3.6
1101 verbose linkBins readable-stream@2.3.6
1102 verbose linkMans readable-stream@2.3.6
1103 verbose rebuildBundles readable-stream@2.3.6
1104 info install readable-stream@2.3.6
1105 info postinstall readable-stream@2.3.6
1106 verbose rebuild bundle /home/pi/code/node_modules/grpc-tools/node_modules/rimraf
1107 info build /home/pi/code/node_modules/grpc-tools/node_modules/rimraf
1108 info preinstall rimraf@2.6.3
1109 verbose linkStuff [ false,
1109 verbose linkStuff   false,
1109 verbose linkStuff   false,
1109 verbose linkStuff   '/home/pi/code/node_modules/grpc-tools/node_modules' ]
1110 info linkStuff rimraf@2.6.3
1111 verbose linkBins rimraf@2.6.3
1112 verbose link bins [ { rimraf: './bin.js' },
1112 verbose link bins   '/home/pi/code/node_modules/grpc-tools/node_modules/.bin',
1112 verbose link bins   false ]
1113 verbose linkMans rimraf@2.6.3
1114 verbose rebuildBundles rimraf@2.6.3
1115 info install rimraf@2.6.3
1116 info postinstall rimraf@2.6.3
1117 verbose rebuild bundle /home/pi/code/node_modules/grpc-tools/node_modules/safe-buffer
1118 info build /home/pi/code/node_modules/grpc-tools/node_modules/safe-buffer
1119 info preinstall safe-buffer@5.1.2
1120 verbose linkStuff [ false,
1120 verbose linkStuff   false,
1120 verbose linkStuff   false,
1120 verbose linkStuff   '/home/pi/code/node_modules/grpc-tools/node_modules' ]
1121 info linkStuff safe-buffer@5.1.2
1122 verbose linkBins safe-buffer@5.1.2
1123 verbose linkMans safe-buffer@5.1.2
1124 verbose rebuildBundles safe-buffer@5.1.2
1125 info install safe-buffer@5.1.2
1126 info postinstall safe-buffer@5.1.2
1127 verbose rebuild bundle /home/pi/code/node_modules/grpc-tools/node_modules/safer-buffer
1128 info build /home/pi/code/node_modules/grpc-tools/node_modules/safer-buffer
1129 info preinstall safer-buffer@2.1.2
1130 verbose linkStuff [ false,
1130 verbose linkStuff   false,
1130 verbose linkStuff   false,
1130 verbose linkStuff   '/home/pi/code/node_modules/grpc-tools/node_modules' ]
1131 info linkStuff safer-buffer@2.1.2
1132 verbose linkBins safer-buffer@2.1.2
1133 verbose linkMans safer-buffer@2.1.2
1134 verbose rebuildBundles safer-buffer@2.1.2
1135 info install safer-buffer@2.1.2
1136 info postinstall safer-buffer@2.1.2
1137 verbose rebuild bundle /home/pi/code/node_modules/grpc-tools/node_modules/sax
1138 info build /home/pi/code/node_modules/grpc-tools/node_modules/sax
1139 info preinstall sax@1.2.4
1140 verbose linkStuff [ false,
1140 verbose linkStuff   false,
1140 verbose linkStuff   false,
1140 verbose linkStuff   '/home/pi/code/node_modules/grpc-tools/node_modules' ]
1141 info linkStuff sax@1.2.4
1142 verbose linkBins sax@1.2.4
1143 verbose linkMans sax@1.2.4
1144 verbose rebuildBundles sax@1.2.4
1145 info install sax@1.2.4
1146 info postinstall sax@1.2.4
1147 verbose rebuild bundle /home/pi/code/node_modules/grpc-tools/node_modules/semver
1148 info build /home/pi/code/node_modules/grpc-tools/node_modules/semver
1149 info preinstall semver@5.6.0
1150 verbose linkStuff [ false,
1150 verbose linkStuff   false,
1150 verbose linkStuff   false,
1150 verbose linkStuff   '/home/pi/code/node_modules/grpc-tools/node_modules' ]
1151 info linkStuff semver@5.6.0
1152 verbose linkBins semver@5.6.0
1153 verbose link bins [ { semver: './bin/semver' },
1153 verbose link bins   '/home/pi/code/node_modules/grpc-tools/node_modules/.bin',
1153 verbose link bins   false ]
1154 verbose linkMans semver@5.6.0
1155 verbose rebuildBundles semver@5.6.0
1156 info install semver@5.6.0
1157 info postinstall semver@5.6.0
1158 verbose rebuild bundle /home/pi/code/node_modules/grpc-tools/node_modules/set-blocking
1159 info build /home/pi/code/node_modules/grpc-tools/node_modules/set-blocking
1160 info preinstall set-blocking@2.0.0
1161 verbose linkStuff [ false,
1161 verbose linkStuff   false,
1161 verbose linkStuff   false,
1161 verbose linkStuff   '/home/pi/code/node_modules/grpc-tools/node_modules' ]
1162 info linkStuff set-blocking@2.0.0
1163 verbose linkBins set-blocking@2.0.0
1164 verbose linkMans set-blocking@2.0.0
1165 verbose rebuildBundles set-blocking@2.0.0
1166 info install set-blocking@2.0.0
1167 info postinstall set-blocking@2.0.0
1168 verbose rebuild bundle /home/pi/code/node_modules/grpc-tools/node_modules/signal-exit
1169 info build /home/pi/code/node_modules/grpc-tools/node_modules/signal-exit
1170 info preinstall signal-exit@3.0.2
1171 verbose linkStuff [ false,
1171 verbose linkStuff   false,
1171 verbose linkStuff   false,
1171 verbose linkStuff   '/home/pi/code/node_modules/grpc-tools/node_modules' ]
1172 info linkStuff signal-exit@3.0.2
1173 verbose linkBins signal-exit@3.0.2
1174 verbose linkMans signal-exit@3.0.2
1175 verbose rebuildBundles signal-exit@3.0.2
1176 info install signal-exit@3.0.2
1177 info postinstall signal-exit@3.0.2
1178 verbose rebuild bundle /home/pi/code/node_modules/grpc-tools/node_modules/string-width
1179 info build /home/pi/code/node_modules/grpc-tools/node_modules/string-width
1180 info preinstall string-width@1.0.2
1181 verbose linkStuff [ false,
1181 verbose linkStuff   false,
1181 verbose linkStuff   false,
1181 verbose linkStuff   '/home/pi/code/node_modules/grpc-tools/node_modules' ]
1182 info linkStuff string-width@1.0.2
1183 verbose linkBins string-width@1.0.2
1184 verbose linkMans string-width@1.0.2
1185 verbose rebuildBundles string-width@1.0.2
1186 info install string-width@1.0.2
1187 info postinstall string-width@1.0.2
1188 verbose rebuild bundle /home/pi/code/node_modules/grpc-tools/node_modules/string_decoder
1189 info build /home/pi/code/node_modules/grpc-tools/node_modules/string_decoder
1190 info preinstall string_decoder@1.1.1
1191 verbose linkStuff [ false,
1191 verbose linkStuff   false,
1191 verbose linkStuff   false,
1191 verbose linkStuff   '/home/pi/code/node_modules/grpc-tools/node_modules' ]
1192 info linkStuff string_decoder@1.1.1
1193 verbose linkBins string_decoder@1.1.1
1194 verbose linkMans string_decoder@1.1.1
1195 verbose rebuildBundles string_decoder@1.1.1
1196 info install string_decoder@1.1.1
1197 info postinstall string_decoder@1.1.1
1198 verbose rebuild bundle /home/pi/code/node_modules/grpc-tools/node_modules/strip-ansi
1199 info build /home/pi/code/node_modules/grpc-tools/node_modules/strip-ansi
1200 info preinstall strip-ansi@3.0.1
1201 verbose linkStuff [ false,
1201 verbose linkStuff   false,
1201 verbose linkStuff   false,
1201 verbose linkStuff   '/home/pi/code/node_modules/grpc-tools/node_modules' ]
1202 info linkStuff strip-ansi@3.0.1
1203 verbose linkBins strip-ansi@3.0.1
1204 verbose linkMans strip-ansi@3.0.1
1205 verbose rebuildBundles strip-ansi@3.0.1
1206 info install strip-ansi@3.0.1
1207 info postinstall strip-ansi@3.0.1
1208 verbose rebuild bundle /home/pi/code/node_modules/grpc-tools/node_modules/strip-json-comments
1209 info build /home/pi/code/node_modules/grpc-tools/node_modules/strip-json-comments
1210 info preinstall strip-json-comments@2.0.1
1211 verbose linkStuff [ false,
1211 verbose linkStuff   false,
1211 verbose linkStuff   false,
1211 verbose linkStuff   '/home/pi/code/node_modules/grpc-tools/node_modules' ]
1212 info linkStuff strip-json-comments@2.0.1
1213 verbose linkBins strip-json-comments@2.0.1
1214 verbose linkMans strip-json-comments@2.0.1
1215 verbose rebuildBundles strip-json-comments@2.0.1
1216 info install strip-json-comments@2.0.1
1217 info postinstall strip-json-comments@2.0.1
1218 verbose rebuild bundle /home/pi/code/node_modules/grpc-tools/node_modules/tar
1219 info build /home/pi/code/node_modules/grpc-tools/node_modules/tar
1220 info preinstall tar@4.4.8
1221 verbose linkStuff [ false,
1221 verbose linkStuff   false,
1221 verbose linkStuff   false,
1221 verbose linkStuff   '/home/pi/code/node_modules/grpc-tools/node_modules' ]
1222 info linkStuff tar@4.4.8
1223 verbose linkBins tar@4.4.8
1224 verbose linkMans tar@4.4.8
1225 verbose rebuildBundles tar@4.4.8
1226 info install tar@4.4.8
1227 info postinstall tar@4.4.8
1228 verbose rebuild bundle /home/pi/code/node_modules/grpc-tools/node_modules/util-deprecate
1229 info build /home/pi/code/node_modules/grpc-tools/node_modules/util-deprecate
1230 info preinstall util-deprecate@1.0.2
1231 verbose linkStuff [ false,
1231 verbose linkStuff   false,
1231 verbose linkStuff   false,
1231 verbose linkStuff   '/home/pi/code/node_modules/grpc-tools/node_modules' ]
1232 info linkStuff util-deprecate@1.0.2
1233 verbose linkBins util-deprecate@1.0.2
1234 verbose linkMans util-deprecate@1.0.2
1235 verbose rebuildBundles util-deprecate@1.0.2
1236 info install util-deprecate@1.0.2
1237 info postinstall util-deprecate@1.0.2
1238 verbose rebuild bundle /home/pi/code/node_modules/grpc-tools/node_modules/wide-align
1239 info build /home/pi/code/node_modules/grpc-tools/node_modules/wide-align
1240 info preinstall wide-align@1.1.3
1241 verbose linkStuff [ false,
1241 verbose linkStuff   false,
1241 verbose linkStuff   false,
1241 verbose linkStuff   '/home/pi/code/node_modules/grpc-tools/node_modules' ]
1242 info linkStuff wide-align@1.1.3
1243 verbose linkBins wide-align@1.1.3
1244 verbose linkMans wide-align@1.1.3
1245 verbose rebuildBundles wide-align@1.1.3
1246 info install wide-align@1.1.3
1247 info postinstall wide-align@1.1.3
1248 verbose rebuild bundle /home/pi/code/node_modules/grpc-tools/node_modules/wrappy
1249 info build /home/pi/code/node_modules/grpc-tools/node_modules/wrappy
1250 info preinstall wrappy@1.0.2
1251 verbose linkStuff [ false,
1251 verbose linkStuff   false,
1251 verbose linkStuff   false,
1251 verbose linkStuff   '/home/pi/code/node_modules/grpc-tools/node_modules' ]
1252 info linkStuff wrappy@1.0.2
1253 verbose linkBins wrappy@1.0.2
1254 verbose linkMans wrappy@1.0.2
1255 verbose rebuildBundles wrappy@1.0.2
1256 info install wrappy@1.0.2
1257 info postinstall wrappy@1.0.2
1258 verbose rebuild bundle /home/pi/code/node_modules/grpc-tools/node_modules/yallist
1259 info build /home/pi/code/node_modules/grpc-tools/node_modules/yallist
1260 info preinstall yallist@3.0.3
1261 verbose linkStuff [ false,
1261 verbose linkStuff   false,
1261 verbose linkStuff   false,
1261 verbose linkStuff   '/home/pi/code/node_modules/grpc-tools/node_modules' ]
1262 info linkStuff yallist@3.0.3
1263 verbose linkBins yallist@3.0.3
1264 verbose linkMans yallist@3.0.3
1265 verbose rebuildBundles yallist@3.0.3
1266 info install yallist@3.0.3
1267 info postinstall yallist@3.0.3
1268 info install grpc-tools@1.7.1
1269 verbose unsafe-perm in lifecycle true
1270 info grpc-tools@1.7.1 Failed to exec install script
1271 verbose node_modules/grpc-tools unbuild
1272 warn This failure might be due to the use of legacy binary "node"
1273 warn For further explanations, please read
/usr/share/doc/nodejs/README.Debian
1274 info preuninstall grpc-tools@1.7.1
1275 info uninstall grpc-tools@1.7.1
1276 verbose true,/home/pi/code/node_modules,/home/pi/code/node_modules unbuild grpc-tools@1.7.1
1277 verbose /home/pi/code/node_modules/.bin,[object Object] binRoot
1278 info postuninstall grpc-tools@1.7.1
1279 error grpc-tools@1.7.1 install: `node-pre-gyp install`
1279 error Exit status 1
1280 error Failed at the grpc-tools@1.7.1 install script.
1280 error This is most likely a problem with the grpc-tools package,
1280 error not with npm itself.
1280 error Tell the author that this fails on your system:
1280 error     node-pre-gyp install
1280 error You can get their info via:
1280 error     npm owner ls grpc-tools
1280 error There is likely additional logging output above.
1281 error System Linux 4.14.79-v7+
1282 error command "/usr/bin/node" "/usr/bin/npm" "install" "grpc-tools" "--save-dev"
1283 error cwd /home/pi/code
1284 error node -v v8.11.1
1285 error npm -v 1.4.21
1286 error code ELIFECYCLE
1287 verbose exit [ 1, true ]
